<?xml version="1.0" encoding="UTF-8"?>
<!-- Generated by org.testng.reporters.JUnitReportReporter -->
<testsuite hostname="KARNA" failures="0" tests="2" name="com.cps.qa.testCases.CustomerLogin_Test" time="7.979" errors="0" timestamp="06 Mar 2024 11:36:09 GMT" skipped="0">
  <testcase classname="com.cps.qa.testCases.CustomerLogin_Test" name="loginPageTitleTest" time="3.418"/>
  <testcase classname="com.cps.qa.testCases.CustomerLogin_Test" name="customerlogin" time="4.561"/>
</testsuite> <!-- com.cps.qa.testCases.CustomerLogin_Test -->
