<?xml version="1.0" encoding="UTF-8"?>
<!-- Generated by org.testng.reporters.JUnitReportReporter -->
<testsuite hostname="KARNA" failures="0" tests="1" name="com.cps.qa.testCases.CustomersPage_Test" time="6.092" errors="0" timestamp="08 Mar 2024 05:55:20 GMT" skipped="0">
  <testcase classname="com.cps.qa.testCases.CustomersPage_Test" name="DeleteCustomerEntry" time="6.092"/>
</testsuite> <!-- com.cps.qa.testCases.CustomersPage_Test -->
