<?xml version="1.0" encoding="UTF-8"?>
<!-- Generated by org.testng.reporters.JUnitReportReporter -->
<testsuite hostname="KARNA" failures="0" tests="1" name="com.cps.qa.testCases.CustomerTransactionPage_Test" time="10.126" errors="0" timestamp="08 Mar 2024 05:55:20 GMT" skipped="0">
  <testcase classname="com.cps.qa.testCases.CustomerTransactionPage_Test" name="Verify_Deposit_With_ValideAmmount" time="10.126"/>
</testsuite> <!-- com.cps.qa.testCases.CustomerTransactionPage_Test -->
