<?xml version="1.0" encoding="UTF-8"?>
<!-- Generated by org.testng.reporters.JUnitReportReporter -->
<testsuite hostname="KARNA" failures="0" tests="3" name="com.cps.qa.testCases.AddCustomerPage_Test" time="16.951" errors="0" timestamp="07 Mar 2024 08:25:02 GMT" skipped="0">
  <testcase classname="com.cps.qa.testCases.AddCustomerPage_Test" name="loginPageTitleTest" time="3.874"/>
  <testcase classname="com.cps.qa.testCases.AddCustomerPage_Test" name="AddCustomer_NotExist" time="6.387"/>
  <testcase classname="com.cps.qa.testCases.AddCustomerPage_Test" name="AddCustomer_Exist" time="6.690"/>
</testsuite> <!-- com.cps.qa.testCases.AddCustomerPage_Test -->
