<?xml version="1.0" encoding="UTF-8"?>
<!-- Generated by org.testng.reporters.JUnitReportReporter -->
<testsuite hostname="KARNA" failures="0" tests="4" name="com.cps.qa.testCases.AccountPage_Test" time="21.720" errors="0" timestamp="07 Mar 2024 03:46:21 GMT" skipped="0">
  <testcase classname="com.cps.qa.testCases.AccountPage_Test" name="loginPageTitleTest" time="3.948"/>
  <testcase classname="com.cps.qa.testCases.AccountPage_Test" name="verifyBalance" time="4.469"/>
  <testcase classname="com.cps.qa.testCases.AccountPage_Test" name="Verify_Deposit_With_ValideAmmount" time="6.937"/>
  <testcase classname="com.cps.qa.testCases.AccountPage_Test" name="Verify_Deposit_With_InValideAmmount" time="6.366"/>
</testsuite> <!-- com.cps.qa.testCases.AccountPage_Test -->
