<?xml version="1.0" encoding="UTF-8"?>
<!-- Generated by org.testng.reporters.JUnitReportReporter -->
<testsuite hostname="KARNA" failures="0" tests="1" name="com.cps.qa.testCases.CustomerLogin_Test" time="79.205" errors="1" timestamp="07 Mar 2024 11:01:18 GMT" skipped="0">
  <testcase classname="com.cps.qa.testCases.CustomerLogin_Test" name="customerlogin" time="79.205">
    <error message="Session ID is null. Using WebDriver after calling quit()?
Build info: version: &#039;3.14.0&#039;, revision: &#039;aacccce0&#039;, time: &#039;2018-08-02T20:19:58.91Z&#039;
System info: host: &#039;KARNA&#039;, ip: &#039;192.168.233.91&#039;, os.name: &#039;Windows 10&#039;, os.arch: &#039;amd64&#039;, os.version: &#039;10.0&#039;, java.version: &#039;17.0.4.1&#039;
Driver info: driver.version: EventFiringWebDriver" type="org.openqa.selenium.NoSuchSessionException">
      <![CDATA[org.openqa.selenium.NoSuchSessionException: Session ID is null. Using WebDriver after calling quit()?
Build info: version: '3.14.0', revision: 'aacccce0', time: '2018-08-02T20:19:58.91Z'
System info: host: 'KARNA', ip: '192.168.233.91', os.name: 'Windows 10', os.arch: 'amd64', os.version: '10.0', java.version: '17.0.4.1'
Driver info: driver.version: EventFiringWebDriver
	at org.openqa.selenium.remote.HttpCommandExecutor.execute(HttpCommandExecutor.java:125)
	at org.openqa.selenium.remote.service.DriverCommandExecutor.execute(DriverCommandExecutor.java:83)
	at org.openqa.selenium.remote.RemoteWebDriver.execute(RemoteWebDriver.java:548)
	at org.openqa.selenium.remote.RemoteWebDriver.execute(RemoteWebDriver.java:605)
	at org.openqa.selenium.remote.RemoteWebDriver.getScreenshotAs(RemoteWebDriver.java:294)
	at jdk.internal.reflect.GeneratedMethodAccessor4.invoke(Unknown Source)
	at java.base/jdk.internal.reflect.DelegatingMethodAccessorImpl.invoke(DelegatingMethodAccessorImpl.java:43)
	at java.base/java.lang.reflect.Method.invoke(Method.java:568)
	at org.openqa.selenium.support.events.EventFiringWebDriver.lambda$new$1(EventFiringWebDriver.java:105)
	at jdk.proxy2/jdk.proxy2.$Proxy11.getScreenshotAs(Unknown Source)
	at org.openqa.selenium.support.events.EventFiringWebDriver.getScreenshotAs(EventFiringWebDriver.java:302)
	at com.cps.qa.util.TestUtil.takeScreenshotAtEndOfTest(TestUtil.java:63)
	at com.cps.qa.util.WebEventListener.onException(WebEventListener.java:68)
	at jdk.internal.reflect.GeneratedMethodAccessor2.invoke(Unknown Source)
	at java.base/jdk.internal.reflect.DelegatingMethodAccessorImpl.invoke(DelegatingMethodAccessorImpl.java:43)
	at java.base/java.lang.reflect.Method.invoke(Method.java:568)
	at org.openqa.selenium.support.events.EventFiringWebDriver.lambda$new$0(EventFiringWebDriver.java:84)
	at jdk.proxy2/jdk.proxy2.$Proxy10.onException(Unknown Source)
	at org.openqa.selenium.support.events.EventFiringWebDriver.lambda$new$1(EventFiringWebDriver.java:107)
	at jdk.proxy2/jdk.proxy2.$Proxy11.getScreenshotAs(Unknown Source)
	at org.openqa.selenium.support.events.EventFiringWebDriver.getScreenshotAs(EventFiringWebDriver.java:302)
	at com.cps.qa.util.TestUtil.takeScreenshotAtEndOfTest(TestUtil.java:63)
	at com.cps.qa.util.WebEventListener.onException(WebEventListener.java:68)
	at jdk.internal.reflect.GeneratedMethodAccessor2.invoke(Unknown Source)
	at java.base/jdk.internal.reflect.DelegatingMethodAccessorImpl.invoke(DelegatingMethodAccessorImpl.java:43)
	at java.base/java.lang.reflect.Method.invoke(Method.java:568)
	at org.openqa.selenium.support.events.EventFiringWebDriver.lambda$new$0(EventFiringWebDriver.java:84)
	at jdk.proxy2/jdk.proxy2.$Proxy10.onException(Unknown Source)
	at org.openqa.selenium.support.events.EventFiringWebDriver.lambda$new$1(EventFiringWebDriver.java:107)
	at jdk.proxy2/jdk.proxy2.$Proxy11.getScreenshotAs(Unknown Source)
	at org.openqa.selenium.support.events.EventFiringWebDriver.getScreenshotAs(EventFiringWebDriver.java:302)
	at com.cps.qa.util.TestUtil.takeScreenshotAtEndOfTest(TestUtil.java:63)
	at com.cps.qa.util.WebEventListener.onException(WebEventListener.java:68)
	at jdk.internal.reflect.GeneratedMethodAccessor2.invoke(Unknown Source)
	at java.base/jdk.internal.reflect.DelegatingMethodAccessorImpl.invoke(DelegatingMethodAccessorImpl.java:43)
	at java.base/java.lang.reflect.Method.invoke(Method.java:568)
	at org.openqa.selenium.support.events.EventFiringWebDriver.lambda$new$0(EventFiringWebDriver.java:84)
	at jdk.proxy2/jdk.proxy2.$Proxy10.onException(Unknown Source)
	at org.openqa.selenium.support.events.EventFiringWebDriver.lambda$new$1(EventFiringWebDriver.java:107)
	at jdk.proxy2/jdk.proxy2.$Proxy11.getScreenshotAs(Unknown Source)
	at org.openqa.selenium.support.events.EventFiringWebDriver.getScreenshotAs(EventFiringWebDriver.java:302)
	at com.cps.qa.util.TestUtil.takeScreenshotAtEndOfTest(TestUtil.java:63)
	at com.cps.qa.util.WebEventListener.onException(WebEventListener.java:68)
	at jdk.internal.reflect.GeneratedMethodAccessor2.invoke(Unknown Source)
	at java.base/jdk.internal.reflect.DelegatingMethodAccessorImpl.invoke(DelegatingMethodAccessorImpl.java:43)
	at java.base/java.lang.reflect.Method.invoke(Method.java:568)
	at org.openqa.selenium.support.events.EventFiringWebDriver.lambda$new$0(EventFiringWebDriver.java:84)
	at jdk.proxy2/jdk.proxy2.$Proxy10.onException(Unknown Source)
	at org.openqa.selenium.support.events.EventFiringWebDriver.lambda$new$1(EventFiringWebDriver.java:107)
	at jdk.proxy2/jdk.proxy2.$Proxy11.getScreenshotAs(Unknown Source)
	at org.openqa.selenium.support.events.EventFiringWebDriver.getScreenshotAs(EventFiringWebDriver.java:302)
	at com.cps.qa.util.TestUtil.takeScreenshotAtEndOfTest(TestUtil.java:63)
	at com.cps.qa.util.WebEventListener.onException(WebEventListener.java:68)
	at jdk.internal.reflect.GeneratedMethodAccessor2.invoke(Unknown Source)
	at java.base/jdk.internal.reflect.DelegatingMethodAccessorImpl.invoke(DelegatingMethodAccessorImpl.java:43)
	at java.base/java.lang.reflect.Method.invoke(Method.java:568)
	at org.openqa.selenium.support.events.EventFiringWebDriver.lambda$new$0(EventFiringWebDriver.java:84)
	at jdk.proxy2/jdk.proxy2.$Proxy10.onException(Unknown Source)
	at org.openqa.selenium.support.events.EventFiringWebDriver.lambda$new$1(EventFiringWebDriver.java:107)
	at jdk.proxy2/jdk.proxy2.$Proxy11.getScreenshotAs(Unknown Source)
	at org.openqa.selenium.support.events.EventFiringWebDriver.getScreenshotAs(EventFiringWebDriver.java:302)
	at com.cps.qa.util.TestUtil.takeScreenshotAtEndOfTest(TestUtil.java:63)
	at com.cps.qa.util.WebEventListener.onException(WebEventListener.java:68)
	at jdk.internal.reflect.GeneratedMethodAccessor2.invoke(Unknown Source)
	at java.base/jdk.internal.reflect.DelegatingMethodAccessorImpl.invoke(DelegatingMethodAccessorImpl.java:43)
	at java.base/java.lang.reflect.Method.invoke(Method.java:568)
	at org.openqa.selenium.support.events.EventFiringWebDriver.lambda$new$0(EventFiringWebDriver.java:84)
	at jdk.proxy2/jdk.proxy2.$Proxy10.onException(Unknown Source)
	at org.openqa.selenium.support.events.EventFiringWebDriver.lambda$new$1(EventFiringWebDriver.java:107)
	at jdk.proxy2/jdk.proxy2.$Proxy11.getScreenshotAs(Unknown Source)
	at org.openqa.selenium.support.events.EventFiringWebDriver.getScreenshotAs(EventFiringWebDriver.java:302)
	at com.cps.qa.util.TestUtil.takeScreenshotAtEndOfTest(TestUtil.java:63)
	at com.cps.qa.util.WebEventListener.onException(WebEventListener.java:68)
	at jdk.internal.reflect.GeneratedMethodAccessor2.invoke(Unknown Source)
	at java.base/jdk.internal.reflect.DelegatingMethodAccessorImpl.invoke(DelegatingMethodAccessorImpl.java:43)
	at java.base/java.lang.reflect.Method.invoke(Method.java:568)
	at org.openqa.selenium.support.events.EventFiringWebDriver.lambda$new$0(EventFiringWebDriver.java:84)
	at jdk.proxy2/jdk.proxy2.$Proxy10.onException(Unknown Source)
	at org.openqa.selenium.support.events.EventFiringWebDriver.lambda$new$1(EventFiringWebDriver.java:107)
	at jdk.proxy2/jdk.proxy2.$Proxy11.getScreenshotAs(Unknown Source)
	at org.openqa.selenium.support.events.EventFiringWebDriver.getScreenshotAs(EventFiringWebDriver.java:302)
	at com.cps.qa.util.TestUtil.takeScreenshotAtEndOfTest(TestUtil.java:63)
	at com.cps.qa.util.WebEventListener.onException(WebEventListener.java:68)
	at jdk.internal.reflect.GeneratedMethodAccessor2.invoke(Unknown Source)
	at java.base/jdk.internal.reflect.DelegatingMethodAccessorImpl.invoke(DelegatingMethodAccessorImpl.java:43)
	at java.base/java.lang.reflect.Method.invoke(Method.java:568)
	at org.openqa.selenium.support.events.EventFiringWebDriver.lambda$new$0(EventFiringWebDriver.java:84)
	at jdk.proxy2/jdk.proxy2.$Proxy10.onException(Unknown Source)
	at org.openqa.selenium.support.events.EventFiringWebDriver.lambda$new$1(EventFiringWebDriver.java:107)
	at jdk.proxy2/jdk.proxy2.$Proxy11.getScreenshotAs(Unknown Source)
	at org.openqa.selenium.support.events.EventFiringWebDriver.getScreenshotAs(EventFiringWebDriver.java:302)
	at com.cps.qa.util.TestUtil.takeScreenshotAtEndOfTest(TestUtil.java:63)
	at com.cps.qa.util.WebEventListener.onException(WebEventListener.java:68)
	at jdk.internal.reflect.GeneratedMethodAccessor2.invoke(Unknown Source)
	at java.base/jdk.internal.reflect.DelegatingMethodAccessorImpl.invoke(DelegatingMethodAccessorImpl.java:43)
	at java.base/java.lang.reflect.Method.invoke(Method.java:568)
	at org.openqa.selenium.support.events.EventFiringWebDriver.lambda$new$0(EventFiringWebDriver.java:84)
	at jdk.proxy2/jdk.proxy2.$Proxy10.onException(Unknown Source)
	at org.openqa.selenium.support.events.EventFiringWebDriver.lambda$new$1(EventFiringWebDriver.java:107)
	at jdk.proxy2/jdk.proxy2.$Proxy11.getScreenshotAs(Unknown Source)
	at org.openqa.selenium.support.events.EventFiringWebDriver.getScreenshotAs(EventFiringWebDriver.java:302)
	at com.cps.qa.util.TestUtil.takeScreenshotAtEndOfTest(TestUtil.java:63)
	at com.cps.qa.util.WebEventListener.onException(WebEventListener.java:68)
	at jdk.internal.reflect.GeneratedMethodAccessor2.invoke(Unknown Source)
	at java.base/jdk.internal.reflect.DelegatingMethodAccessorImpl.invoke(DelegatingMethodAccessorImpl.java:43)
	at java.base/java.lang.reflect.Method.invoke(Method.java:568)
	at org.openqa.selenium.support.events.EventFiringWebDriver.lambda$new$0(EventFiringWebDriver.java:84)
	at jdk.proxy2/jdk.proxy2.$Proxy10.onException(Unknown Source)
	at org.openqa.selenium.support.events.EventFiringWebDriver.lambda$new$1(EventFiringWebDriver.java:107)
	at jdk.proxy2/jdk.proxy2.$Proxy11.getScreenshotAs(Unknown Source)
	at org.openqa.selenium.support.events.EventFiringWebDriver.getScreenshotAs(EventFiringWebDriver.java:302)
	at com.cps.qa.util.TestUtil.takeScreenshotAtEndOfTest(TestUtil.java:63)
	at com.cps.qa.util.WebEventListener.onException(WebEventListener.java:68)
	at jdk.internal.reflect.GeneratedMethodAccessor2.invoke(Unknown Source)
	at java.base/jdk.internal.reflect.DelegatingMethodAccessorImpl.invoke(DelegatingMethodAccessorImpl.java:43)
	at java.base/java.lang.reflect.Method.invoke(Method.java:568)
	at org.openqa.selenium.support.events.EventFiringWebDriver.lambda$new$0(EventFiringWebDriver.java:84)
	at jdk.proxy2/jdk.proxy2.$Proxy10.onException(Unknown Source)
	at org.openqa.selenium.support.events.EventFiringWebDriver.lambda$new$1(EventFiringWebDriver.java:107)
	at jdk.proxy2/jdk.proxy2.$Proxy11.getScreenshotAs(Unknown Source)
	at org.openqa.selenium.support.events.EventFiringWebDriver.getScreenshotAs(EventFiringWebDriver.java:302)
	at com.cps.qa.util.TestUtil.takeScreenshotAtEndOfTest(TestUtil.java:63)
	at com.cps.qa.util.WebEventListener.onException(WebEventListener.java:68)
	at jdk.internal.reflect.GeneratedMethodAccessor2.invoke(Unknown Source)
	at java.base/jdk.internal.reflect.DelegatingMethodAccessorImpl.invoke(DelegatingMethodAccessorImpl.java:43)
	at java.base/java.lang.reflect.Method.invoke(Method.java:568)
	at org.openqa.selenium.support.events.EventFiringWebDriver.lambda$new$0(EventFiringWebDriver.java:84)
	at jdk.proxy2/jdk.proxy2.$Proxy10.onException(Unknown Source)
	at org.openqa.selenium.support.events.EventFiringWebDriver.lambda$new$1(EventFiringWebDriver.java:107)
	at jdk.proxy2/jdk.proxy2.$Proxy11.getScreenshotAs(Unknown Source)
	at org.openqa.selenium.support.events.EventFiringWebDriver.getScreenshotAs(EventFiringWebDriver.java:302)
	at com.cps.qa.util.TestUtil.takeScreenshotAtEndOfTest(TestUtil.java:63)
	at com.cps.qa.util.WebEventListener.onException(WebEventListener.java:68)
	at jdk.internal.reflect.GeneratedMethodAccessor2.invoke(Unknown Source)
	at java.base/jdk.internal.reflect.DelegatingMethodAccessorImpl.invoke(DelegatingMethodAccessorImpl.java:43)
	at java.base/java.lang.reflect.Method.invoke(Method.java:568)
	at org.openqa.selenium.support.events.EventFiringWebDriver.lambda$new$0(EventFiringWebDriver.java:84)
	at jdk.proxy2/jdk.proxy2.$Proxy10.onException(Unknown Source)
	at org.openqa.selenium.support.events.EventFiringWebDriver.lambda$new$1(EventFiringWebDriver.java:107)
	at jdk.proxy2/jdk.proxy2.$Proxy11.getScreenshotAs(Unknown Source)
	at org.openqa.selenium.support.events.EventFiringWebDriver.getScreenshotAs(EventFiringWebDriver.java:302)
	at com.cps.qa.util.TestUtil.takeScreenshotAtEndOfTest(TestUtil.java:63)
	at com.cps.qa.util.WebEventListener.onException(WebEventListener.java:68)
	at jdk.internal.reflect.GeneratedMethodAccessor2.invoke(Unknown Source)
	at java.base/jdk.internal.reflect.DelegatingMethodAccessorImpl.invoke(DelegatingMethodAccessorImpl.java:43)
	at java.base/java.lang.reflect.Method.invoke(Method.java:568)
	at org.openqa.selenium.support.events.EventFiringWebDriver.lambda$new$0(EventFiringWebDriver.java:84)
	at jdk.proxy2/jdk.proxy2.$Proxy10.onException(Unknown Source)
	at org.openqa.selenium.support.events.EventFiringWebDriver.lambda$new$1(EventFiringWebDriver.java:107)
	at jdk.proxy2/jdk.proxy2.$Proxy11.getScreenshotAs(Unknown Source)
	at org.openqa.selenium.support.events.EventFiringWebDriver.getScreenshotAs(EventFiringWebDriver.java:302)
	at com.cps.qa.util.TestUtil.takeScreenshotAtEndOfTest(TestUtil.java:63)
	at com.cps.qa.util.WebEventListener.onException(WebEventListener.java:68)
	at jdk.internal.reflect.GeneratedMethodAccessor2.invoke(Unknown Source)
	at java.base/jdk.internal.reflect.DelegatingMethodAccessorImpl.invoke(DelegatingMethodAccessorImpl.java:43)
	at java.base/java.lang.reflect.Method.invoke(Method.java:568)
	at org.openqa.selenium.support.events.EventFiringWebDriver.lambda$new$0(EventFiringWebDriver.java:84)
	at jdk.proxy2/jdk.proxy2.$Proxy10.onException(Unknown Source)
	at org.openqa.selenium.support.events.EventFiringWebDriver.lambda$new$1(EventFiringWebDriver.java:107)
	at jdk.proxy2/jdk.proxy2.$Proxy11.getScreenshotAs(Unknown Source)
	at org.openqa.selenium.support.events.EventFiringWebDriver.getScreenshotAs(EventFiringWebDriver.java:302)
	at com.cps.qa.util.TestUtil.takeScreenshotAtEndOfTest(TestUtil.java:63)
	at com.cps.qa.util.WebEventListener.onException(WebEventListener.java:68)
	at jdk.internal.reflect.GeneratedMethodAccessor2.invoke(Unknown Source)
	at java.base/jdk.internal.reflect.DelegatingMethodAccessorImpl.invoke(DelegatingMethodAccessorImpl.java:43)
	at java.base/java.lang.reflect.Method.invoke(Method.java:568)
	at org.openqa.selenium.support.events.EventFiringWebDriver.lambda$new$0(EventFiringWebDriver.java:84)
	at jdk.proxy2/jdk.proxy2.$Proxy10.onException(Unknown Source)
	at org.openqa.selenium.support.events.EventFiringWebDriver.lambda$new$1(EventFiringWebDriver.java:107)
	at jdk.proxy2/jdk.proxy2.$Proxy11.getScreenshotAs(Unknown Source)
	at org.openqa.selenium.support.events.EventFiringWebDriver.getScreenshotAs(EventFiringWebDriver.java:302)
	at com.cps.qa.util.TestUtil.takeScreenshotAtEndOfTest(TestUtil.java:63)
	at com.cps.qa.util.WebEventListener.onException(WebEventListener.java:68)
	at jdk.internal.reflect.GeneratedMethodAccessor2.invoke(Unknown Source)
	at java.base/jdk.internal.reflect.DelegatingMethodAccessorImpl.invoke(DelegatingMethodAccessorImpl.java:43)
	at java.base/java.lang.reflect.Method.invoke(Method.java:568)
	at org.openqa.selenium.support.events.EventFiringWebDriver.lambda$new$0(EventFiringWebDriver.java:84)
	at jdk.proxy2/jdk.proxy2.$Proxy10.onException(Unknown Source)
	at org.openqa.selenium.support.events.EventFiringWebDriver.lambda$new$1(EventFiringWebDriver.java:107)
	at jdk.proxy2/jdk.proxy2.$Proxy11.getScreenshotAs(Unknown Source)
	at org.openqa.selenium.support.events.EventFiringWebDriver.getScreenshotAs(EventFiringWebDriver.java:302)
	at com.cps.qa.util.TestUtil.takeScreenshotAtEndOfTest(TestUtil.java:63)
	at com.cps.qa.util.WebEventListener.onException(WebEventListener.java:68)
	at jdk.internal.reflect.GeneratedMethodAccessor2.invoke(Unknown Source)
	at java.base/jdk.internal.reflect.DelegatingMethodAccessorImpl.invoke(DelegatingMethodAccessorImpl.java:43)
	at java.base/java.lang.reflect.Method.invoke(Method.java:568)
	at org.openqa.selenium.support.events.EventFiringWebDriver.lambda$new$0(EventFiringWebDriver.java:84)
	at jdk.proxy2/jdk.proxy2.$Proxy10.onException(Unknown Source)
	at org.openqa.selenium.support.events.EventFiringWebDriver.lambda$new$1(EventFiringWebDriver.java:107)
	at jdk.proxy2/jdk.proxy2.$Proxy11.getScreenshotAs(Unknown Source)
	at org.openqa.selenium.support.events.EventFiringWebDriver.getScreenshotAs(EventFiringWebDriver.java:302)
	at com.cps.qa.util.TestUtil.takeScreenshotAtEndOfTest(TestUtil.java:63)
	at com.cps.qa.util.WebEventListener.onException(WebEventListener.java:68)
	at jdk.internal.reflect.GeneratedMethodAccessor2.invoke(Unknown Source)
	at java.base/jdk.internal.reflect.DelegatingMethodAccessorImpl.invoke(DelegatingMethodAccessorImpl.java:43)
	at java.base/java.lang.reflect.Method.invoke(Method.java:568)
	at org.openqa.selenium.support.events.EventFiringWebDriver.lambda$new$0(EventFiringWebDriver.java:84)
	at jdk.proxy2/jdk.proxy2.$Proxy10.onException(Unknown Source)
	at org.openqa.selenium.support.events.EventFiringWebDriver.lambda$new$1(EventFiringWebDriver.java:107)
	at jdk.proxy2/jdk.proxy2.$Proxy11.getScreenshotAs(Unknown Source)
	at org.openqa.selenium.support.events.EventFiringWebDriver.getScreenshotAs(EventFiringWebDriver.java:302)
	at com.cps.qa.util.TestUtil.takeScreenshotAtEndOfTest(TestUtil.java:63)
	at com.cps.qa.util.WebEventListener.onException(WebEventListener.java:68)
	at jdk.internal.reflect.GeneratedMethodAccessor2.invoke(Unknown Source)
	at java.base/jdk.internal.reflect.DelegatingMethodAccessorImpl.invoke(DelegatingMethodAccessorImpl.java:43)
	at java.base/java.lang.reflect.Method.invoke(Method.java:568)
	at org.openqa.selenium.support.events.EventFiringWebDriver.lambda$new$0(EventFiringWebDriver.java:84)
	at jdk.proxy2/jdk.proxy2.$Proxy10.onException(Unknown Source)
	at org.openqa.selenium.support.events.EventFiringWebDriver.lambda$new$1(EventFiringWebDriver.java:107)
	at jdk.proxy2/jdk.proxy2.$Proxy11.getScreenshotAs(Unknown Source)
	at org.openqa.selenium.support.events.EventFiringWebDriver.getScreenshotAs(EventFiringWebDriver.java:302)
	at com.cps.qa.util.TestUtil.takeScreenshotAtEndOfTest(TestUtil.java:63)
	at com.cps.qa.util.WebEventListener.onException(WebEventListener.java:68)
	at jdk.internal.reflect.GeneratedMethodAccessor2.invoke(Unknown Source)
	at java.base/jdk.internal.reflect.DelegatingMethodAccessorImpl.invoke(DelegatingMethodAccessorImpl.java:43)
	at java.base/java.lang.reflect.Method.invoke(Method.java:568)
	at org.openqa.selenium.support.events.EventFiringWebDriver.lambda$new$0(EventFiringWebDriver.java:84)
	at jdk.proxy2/jdk.proxy2.$Proxy10.onException(Unknown Source)
	at org.openqa.selenium.support.events.EventFiringWebDriver.lambda$new$1(EventFiringWebDriver.java:107)
	at jdk.proxy2/jdk.proxy2.$Proxy11.getScreenshotAs(Unknown Source)
	at org.openqa.selenium.support.events.EventFiringWebDriver.getScreenshotAs(EventFiringWebDriver.java:302)
	at com.cps.qa.util.TestUtil.takeScreenshotAtEndOfTest(TestUtil.java:63)
	at com.cps.qa.util.WebEventListener.onException(WebEventListener.java:68)
	at jdk.internal.reflect.GeneratedMethodAccessor2.invoke(Unknown Source)
	at java.base/jdk.internal.reflect.DelegatingMethodAccessorImpl.invoke(DelegatingMethodAccessorImpl.java:43)
	at java.base/java.lang.reflect.Method.invoke(Method.java:568)
	at org.openqa.selenium.support.events.EventFiringWebDriver.lambda$new$0(EventFiringWebDriver.java:84)
	at jdk.proxy2/jdk.proxy2.$Proxy10.onException(Unknown Source)
	at org.openqa.selenium.support.events.EventFiringWebDriver.lambda$new$1(EventFiringWebDriver.java:107)
	at jdk.proxy2/jdk.proxy2.$Proxy11.getScreenshotAs(Unknown Source)
	at org.openqa.selenium.support.events.EventFiringWebDriver.getScreenshotAs(EventFiringWebDriver.java:302)
	at com.cps.qa.util.TestUtil.takeScreenshotAtEndOfTest(TestUtil.java:63)
	at com.cps.qa.util.WebEventListener.onException(WebEventListener.java:68)
	at jdk.internal.reflect.GeneratedMethodAccessor2.invoke(Unknown Source)
	at java.base/jdk.internal.reflect.DelegatingMethodAccessorImpl.invoke(DelegatingMethodAccessorImpl.java:43)
	at java.base/java.lang.reflect.Method.invoke(Method.java:568)
	at org.openqa.selenium.support.events.EventFiringWebDriver.lambda$new$0(EventFiringWebDriver.java:84)
	at jdk.proxy2/jdk.proxy2.$Proxy10.onException(Unknown Source)
	at org.openqa.selenium.support.events.EventFiringWebDriver.lambda$new$1(EventFiringWebDriver.java:107)
	at jdk.proxy2/jdk.proxy2.$Proxy11.getScreenshotAs(Unknown Source)
	at org.openqa.selenium.support.events.EventFiringWebDriver.getScreenshotAs(EventFiringWebDriver.java:302)
	at com.cps.qa.util.TestUtil.takeScreenshotAtEndOfTest(TestUtil.java:63)
	at com.cps.qa.util.WebEventListener.onException(WebEventListener.java:68)
	at jdk.internal.reflect.GeneratedMethodAccessor2.invoke(Unknown Source)
	at java.base/jdk.internal.reflect.DelegatingMethodAccessorImpl.invoke(DelegatingMethodAccessorImpl.java:43)
	at java.base/java.lang.reflect.Method.invoke(Method.java:568)
	at org.openqa.selenium.support.events.EventFiringWebDriver.lambda$new$0(EventFiringWebDriver.java:84)
	at jdk.proxy2/jdk.proxy2.$Proxy10.onException(Unknown Source)
	at org.openqa.selenium.support.events.EventFiringWebDriver.lambda$new$1(EventFiringWebDriver.java:107)
	at jdk.proxy2/jdk.proxy2.$Proxy11.getScreenshotAs(Unknown Source)
	at org.openqa.selenium.support.events.EventFiringWebDriver.getScreenshotAs(EventFiringWebDriver.java:302)
	at com.cps.qa.util.TestUtil.takeScreenshotAtEndOfTest(TestUtil.java:63)
	at com.cps.qa.util.WebEventListener.onException(WebEventListener.java:68)
	at jdk.internal.reflect.GeneratedMethodAccessor2.invoke(Unknown Source)
	at java.base/jdk.internal.reflect.DelegatingMethodAccessorImpl.invoke(DelegatingMethodAccessorImpl.java:43)
	at java.base/java.lang.reflect.Method.invoke(Method.java:568)
	at org.openqa.selenium.support.events.EventFiringWebDriver.lambda$new$0(EventFiringWebDriver.java:84)
	at jdk.proxy2/jdk.proxy2.$Proxy10.onException(Unknown Source)
	at org.openqa.selenium.support.events.EventFiringWebDriver.lambda$new$1(EventFiringWebDriver.java:107)
	at jdk.proxy2/jdk.proxy2.$Proxy11.getScreenshotAs(Unknown Source)
	at org.openqa.selenium.support.events.EventFiringWebDriver.getScreenshotAs(EventFiringWebDriver.java:302)
	at com.cps.qa.util.TestUtil.takeScreenshotAtEndOfTest(TestUtil.java:63)
	at com.cps.qa.util.WebEventListener.onException(WebEventListener.java:68)
	at jdk.internal.reflect.GeneratedMethodAccessor2.invoke(Unknown Source)
	at java.base/jdk.internal.reflect.DelegatingMethodAccessorImpl.invoke(DelegatingMethodAccessorImpl.java:43)
	at java.base/java.lang.reflect.Method.invoke(Method.java:568)
	at org.openqa.selenium.support.events.EventFiringWebDriver.lambda$new$0(EventFiringWebDriver.java:84)
	at jdk.proxy2/jdk.proxy2.$Proxy10.onException(Unknown Source)
	at org.openqa.selenium.support.events.EventFiringWebDriver.lambda$new$1(EventFiringWebDriver.java:107)
	at jdk.proxy2/jdk.proxy2.$Proxy11.getScreenshotAs(Unknown Source)
	at org.openqa.selenium.support.events.EventFiringWebDriver.getScreenshotAs(EventFiringWebDriver.java:302)
	at com.cps.qa.util.TestUtil.takeScreenshotAtEndOfTest(TestUtil.java:63)
	at com.cps.qa.util.WebEventListener.onException(WebEventListener.java:68)
	at jdk.internal.reflect.GeneratedMethodAccessor2.invoke(Unknown Source)
	at java.base/jdk.internal.reflect.DelegatingMethodAccessorImpl.invoke(DelegatingMethodAccessorImpl.java:43)
	at java.base/java.lang.reflect.Method.invoke(Method.java:568)
	at org.openqa.selenium.support.events.EventFiringWebDriver.lambda$new$0(EventFiringWebDriver.java:84)
	at jdk.proxy2/jdk.proxy2.$Proxy10.onException(Unknown Source)
	at org.openqa.selenium.support.events.EventFiringWebDriver.lambda$new$1(EventFiringWebDriver.java:107)
	at jdk.proxy2/jdk.proxy2.$Proxy11.getScreenshotAs(Unknown Source)
	at org.openqa.selenium.support.events.EventFiringWebDriver.getScreenshotAs(EventFiringWebDriver.java:302)
	at com.cps.qa.util.TestUtil.takeScreenshotAtEndOfTest(TestUtil.java:63)
	at com.cps.qa.util.WebEventListener.onException(WebEventListener.java:68)
	at jdk.internal.reflect.GeneratedMethodAccessor2.invoke(Unknown Source)
	at java.base/jdk.internal.reflect.DelegatingMethodAccessorImpl.invoke(DelegatingMethodAccessorImpl.java:43)
	at java.base/java.lang.reflect.Method.invoke(Method.java:568)
	at org.openqa.selenium.support.events.EventFiringWebDriver.lambda$new$0(EventFiringWebDriver.java:84)
	at jdk.proxy2/jdk.proxy2.$Proxy10.onException(Unknown Source)
	at org.openqa.selenium.support.events.EventFiringWebDriver.lambda$new$1(EventFiringWebDriver.java:107)
	at jdk.proxy2/jdk.proxy2.$Proxy11.getScreenshotAs(Unknown Source)
	at org.openqa.selenium.support.events.EventFiringWebDriver.getScreenshotAs(EventFiringWebDriver.java:302)
	at com.cps.qa.util.TestUtil.takeScreenshotAtEndOfTest(TestUtil.java:63)
	at com.cps.qa.util.WebEventListener.onException(WebEventListener.java:68)
	at jdk.internal.reflect.GeneratedMethodAccessor2.invoke(Unknown Source)
	at java.base/jdk.internal.reflect.DelegatingMethodAccessorImpl.invoke(DelegatingMethodAccessorImpl.java:43)
	at java.base/java.lang.reflect.Method.invoke(Method.java:568)
	at org.openqa.selenium.support.events.EventFiringWebDriver.lambda$new$0(EventFiringWebDriver.java:84)
	at jdk.proxy2/jdk.proxy2.$Proxy10.onException(Unknown Source)
	at org.openqa.selenium.support.events.EventFiringWebDriver.lambda$new$1(EventFiringWebDriver.java:107)
	at jdk.proxy2/jdk.proxy2.$Proxy11.getScreenshotAs(Unknown Source)
	at org.openqa.selenium.support.events.EventFiringWebDriver.getScreenshotAs(EventFiringWebDriver.java:302)
	at com.cps.qa.util.TestUtil.takeScreenshotAtEndOfTest(TestUtil.java:63)
	at com.cps.qa.util.WebEventListener.onException(WebEventListener.java:68)
	at jdk.internal.reflect.GeneratedMethodAccessor2.invoke(Unknown Source)
	at java.base/jdk.internal.reflect.DelegatingMethodAccessorImpl.invoke(DelegatingMethodAccessorImpl.java:43)
	at java.base/java.lang.reflect.Method.invoke(Method.java:568)
	at org.openqa.selenium.support.events.EventFiringWebDriver.lambda$new$0(EventFiringWebDriver.java:84)
	at jdk.proxy2/jdk.proxy2.$Proxy10.onException(Unknown Source)
	at org.openqa.selenium.support.events.EventFiringWebDriver.lambda$new$1(EventFiringWebDriver.java:107)
	at jdk.proxy2/jdk.proxy2.$Proxy11.getScreenshotAs(Unknown Source)
	at org.openqa.selenium.support.events.EventFiringWebDriver.getScreenshotAs(EventFiringWebDriver.java:302)
	at com.cps.qa.util.TestUtil.takeScreenshotAtEndOfTest(TestUtil.java:63)
	at com.cps.qa.util.WebEventListener.onException(WebEventListener.java:68)
	at jdk.internal.reflect.GeneratedMethodAccessor2.invoke(Unknown Source)
	at java.base/jdk.internal.reflect.DelegatingMethodAccessorImpl.invoke(DelegatingMethodAccessorImpl.java:43)
	at java.base/java.lang.reflect.Method.invoke(Method.java:568)
	at org.openqa.selenium.support.events.EventFiringWebDriver.lambda$new$0(EventFiringWebDriver.java:84)
	at jdk.proxy2/jdk.proxy2.$Proxy10.onException(Unknown Source)
	at org.openqa.selenium.support.events.EventFiringWebDriver.lambda$new$1(EventFiringWebDriver.java:107)
	at jdk.proxy2/jdk.proxy2.$Proxy11.getScreenshotAs(Unknown Source)
	at org.openqa.selenium.support.events.EventFiringWebDriver.getScreenshotAs(EventFiringWebDriver.java:302)
	at com.cps.qa.util.TestUtil.takeScreenshotAtEndOfTest(TestUtil.java:63)
	at com.cps.qa.util.WebEventListener.onException(WebEventListener.java:68)
	at jdk.internal.reflect.GeneratedMethodAccessor2.invoke(Unknown Source)
	at java.base/jdk.internal.reflect.DelegatingMethodAccessorImpl.invoke(DelegatingMethodAccessorImpl.java:43)
	at java.base/java.lang.reflect.Method.invoke(Method.java:568)
	at org.openqa.selenium.support.events.EventFiringWebDriver.lambda$new$0(EventFiringWebDriver.java:84)
	at jdk.proxy2/jdk.proxy2.$Proxy10.onException(Unknown Source)
	at org.openqa.selenium.support.events.EventFiringWebDriver.lambda$new$1(EventFiringWebDriver.java:107)
	at jdk.proxy2/jdk.proxy2.$Proxy11.getScreenshotAs(Unknown Source)
	at org.openqa.selenium.support.events.EventFiringWebDriver.getScreenshotAs(EventFiringWebDriver.java:302)
	at com.cps.qa.util.TestUtil.takeScreenshotAtEndOfTest(TestUtil.java:63)
	at com.cps.qa.util.WebEventListener.onException(WebEventListener.java:68)
	at jdk.internal.reflect.GeneratedMethodAccessor2.invoke(Unknown Source)
	at java.base/jdk.internal.reflect.DelegatingMethodAccessorImpl.invoke(DelegatingMethodAccessorImpl.java:43)
	at java.base/java.lang.reflect.Method.invoke(Method.java:568)
	at org.openqa.selenium.support.events.EventFiringWebDriver.lambda$new$0(EventFiringWebDriver.java:84)
	at jdk.proxy2/jdk.proxy2.$Proxy10.onException(Unknown Source)
	at org.openqa.selenium.support.events.EventFiringWebDriver.lambda$new$1(EventFiringWebDriver.java:107)
	at jdk.proxy2/jdk.proxy2.$Proxy11.getScreenshotAs(Unknown Source)
	at org.openqa.selenium.support.events.EventFiringWebDriver.getScreenshotAs(EventFiringWebDriver.java:302)
	at com.cps.qa.util.TestUtil.takeScreenshotAtEndOfTest(TestUtil.java:63)
	at com.cps.qa.util.WebEventListener.onException(WebEventListener.java:68)
	at jdk.internal.reflect.GeneratedMethodAccessor2.invoke(Unknown Source)
	at java.base/jdk.internal.reflect.DelegatingMethodAccessorImpl.invoke(DelegatingMethodAccessorImpl.java:43)
	at java.base/java.lang.reflect.Method.invoke(Method.java:568)
	at org.openqa.selenium.support.events.EventFiringWebDriver.lambda$new$0(EventFiringWebDriver.java:84)
	at jdk.proxy2/jdk.proxy2.$Proxy10.onException(Unknown Source)
	at org.openqa.selenium.support.events.EventFiringWebDriver.lambda$new$1(EventFiringWebDriver.java:107)
	at jdk.proxy2/jdk.proxy2.$Proxy11.getScreenshotAs(Unknown Source)
	at org.openqa.selenium.support.events.EventFiringWebDriver.getScreenshotAs(EventFiringWebDriver.java:302)
	at com.cps.qa.util.TestUtil.takeScreenshotAtEndOfTest(TestUtil.java:63)
	at com.cps.qa.util.WebEventListener.onException(WebEventListener.java:68)
	at jdk.internal.reflect.GeneratedMethodAccessor2.invoke(Unknown Source)
	at java.base/jdk.internal.reflect.DelegatingMethodAccessorImpl.invoke(DelegatingMethodAccessorImpl.java:43)
	at java.base/java.lang.reflect.Method.invoke(Method.java:568)
	at org.openqa.selenium.support.events.EventFiringWebDriver.lambda$new$0(EventFiringWebDriver.java:84)
	at jdk.proxy2/jdk.proxy2.$Proxy10.onException(Unknown Source)
	at org.openqa.selenium.support.events.EventFiringWebDriver.lambda$new$1(EventFiringWebDriver.java:107)
	at jdk.proxy2/jdk.proxy2.$Proxy11.getScreenshotAs(Unknown Source)
	at org.openqa.selenium.support.events.EventFiringWebDriver.getScreenshotAs(EventFiringWebDriver.java:302)
	at com.cps.qa.util.TestUtil.takeScreenshotAtEndOfTest(TestUtil.java:63)
	at com.cps.qa.util.WebEventListener.onException(WebEventListener.java:68)
	at jdk.internal.reflect.GeneratedMethodAccessor2.invoke(Unknown Source)
	at java.base/jdk.internal.reflect.DelegatingMethodAccessorImpl.invoke(DelegatingMethodAccessorImpl.java:43)
	at java.base/java.lang.reflect.Method.invoke(Method.java:568)
	at org.openqa.selenium.support.events.EventFiringWebDriver.lambda$new$0(EventFiringWebDriver.java:84)
	at jdk.proxy2/jdk.proxy2.$Proxy10.onException(Unknown Source)
	at org.openqa.selenium.support.events.EventFiringWebDriver.lambda$new$1(EventFiringWebDriver.java:107)
	at jdk.proxy2/jdk.proxy2.$Proxy11.getScreenshotAs(Unknown Source)
	at org.openqa.selenium.support.events.EventFiringWebDriver.getScreenshotAs(EventFiringWebDriver.java:302)
	at com.cps.qa.util.TestUtil.takeScreenshotAtEndOfTest(TestUtil.java:63)
	at com.cps.qa.util.WebEventListener.onException(WebEventListener.java:68)
	at jdk.internal.reflect.GeneratedMethodAccessor2.invoke(Unknown Source)
	at java.base/jdk.internal.reflect.DelegatingMethodAccessorImpl.invoke(DelegatingMethodAccessorImpl.java:43)
	at java.base/java.lang.reflect.Method.invoke(Method.java:568)
	at org.openqa.selenium.support.events.EventFiringWebDriver.lambda$new$0(EventFiringWebDriver.java:84)
	at jdk.proxy2/jdk.proxy2.$Proxy10.onException(Unknown Source)
	at org.openqa.selenium.support.events.EventFiringWebDriver.lambda$new$1(EventFiringWebDriver.java:107)
	at jdk.proxy2/jdk.proxy2.$Proxy11.getScreenshotAs(Unknown Source)
	at org.openqa.selenium.support.events.EventFiringWebDriver.getScreenshotAs(EventFiringWebDriver.java:302)
	at com.cps.qa.util.TestUtil.takeScreenshotAtEndOfTest(TestUtil.java:63)
	at com.cps.qa.util.WebEventListener.onException(WebEventListener.java:68)
	at jdk.internal.reflect.GeneratedMethodAccessor2.invoke(Unknown Source)
	at java.base/jdk.internal.reflect.DelegatingMethodAccessorImpl.invoke(DelegatingMethodAccessorImpl.java:43)
	at java.base/java.lang.reflect.Method.invoke(Method.java:568)
	at org.openqa.selenium.support.events.EventFiringWebDriver.lambda$new$0(EventFiringWebDriver.java:84)
	at jdk.proxy2/jdk.proxy2.$Proxy10.onException(Unknown Source)
	at org.openqa.selenium.support.events.EventFiringWebDriver.lambda$new$1(EventFiringWebDriver.java:107)
	at jdk.proxy2/jdk.proxy2.$Proxy11.getScreenshotAs(Unknown Source)
	at org.openqa.selenium.support.events.EventFiringWebDriver.getScreenshotAs(EventFiringWebDriver.java:302)
	at com.cps.qa.util.TestUtil.takeScreenshotAtEndOfTest(TestUtil.java:63)
	at com.cps.qa.util.WebEventListener.onException(WebEventListener.java:68)
	at jdk.internal.reflect.GeneratedMethodAccessor2.invoke(Unknown Source)
	at java.base/jdk.internal.reflect.DelegatingMethodAccessorImpl.invoke(DelegatingMethodAccessorImpl.java:43)
	at java.base/java.lang.reflect.Method.invoke(Method.java:568)
	at org.openqa.selenium.support.events.EventFiringWebDriver.lambda$new$0(EventFiringWebDriver.java:84)
	at jdk.proxy2/jdk.proxy2.$Proxy10.onException(Unknown Source)
	at org.openqa.selenium.support.events.EventFiringWebDriver.lambda$new$1(EventFiringWebDriver.java:107)
	at jdk.proxy2/jdk.proxy2.$Proxy11.getScreenshotAs(Unknown Source)
	at org.openqa.selenium.support.events.EventFiringWebDriver.getScreenshotAs(EventFiringWebDriver.java:302)
	at com.cps.qa.util.TestUtil.takeScreenshotAtEndOfTest(TestUtil.java:63)
	at com.cps.qa.util.WebEventListener.onException(WebEventListener.java:68)
	at jdk.internal.reflect.GeneratedMethodAccessor2.invoke(Unknown Source)
	at java.base/jdk.internal.reflect.DelegatingMethodAccessorImpl.invoke(DelegatingMethodAccessorImpl.java:43)
	at java.base/java.lang.reflect.Method.invoke(Method.java:568)
	at org.openqa.selenium.support.events.EventFiringWebDriver.lambda$new$0(EventFiringWebDriver.java:84)
	at jdk.proxy2/jdk.proxy2.$Proxy10.onException(Unknown Source)
	at org.openqa.selenium.support.events.EventFiringWebDriver.lambda$new$1(EventFiringWebDriver.java:107)
	at jdk.proxy2/jdk.proxy2.$Proxy11.getScreenshotAs(Unknown Source)
	at org.openqa.selenium.support.events.EventFiringWebDriver.getScreenshotAs(EventFiringWebDriver.java:302)
	at com.cps.qa.util.TestUtil.takeScreenshotAtEndOfTest(TestUtil.java:63)
	at com.cps.qa.util.WebEventListener.onException(WebEventListener.java:68)
	at jdk.internal.reflect.GeneratedMethodAccessor2.invoke(Unknown Source)
	at java.base/jdk.internal.reflect.DelegatingMethodAccessorImpl.invoke(DelegatingMethodAccessorImpl.java:43)
	at java.base/java.lang.reflect.Method.invoke(Method.java:568)
	at org.openqa.selenium.support.events.EventFiringWebDriver.lambda$new$0(EventFiringWebDriver.java:84)
	at jdk.proxy2/jdk.proxy2.$Proxy10.onException(Unknown Source)
	at org.openqa.selenium.support.events.EventFiringWebDriver.lambda$new$1(EventFiringWebDriver.java:107)
	at jdk.proxy2/jdk.proxy2.$Proxy11.getScreenshotAs(Unknown Source)
	at org.openqa.selenium.support.events.EventFiringWebDriver.getScreenshotAs(EventFiringWebDriver.java:302)
	at com.cps.qa.util.TestUtil.takeScreenshotAtEndOfTest(TestUtil.java:63)
	at com.cps.qa.util.WebEventListener.onException(WebEventListener.java:68)
	at jdk.internal.reflect.GeneratedMethodAccessor2.invoke(Unknown Source)
	at java.base/jdk.internal.reflect.DelegatingMethodAccessorImpl.invoke(DelegatingMethodAccessorImpl.java:43)
	at java.base/java.lang.reflect.Method.invoke(Method.java:568)
	at org.openqa.selenium.support.events.EventFiringWebDriver.lambda$new$0(EventFiringWebDriver.java:84)
	at jdk.proxy2/jdk.proxy2.$Proxy10.onException(Unknown Source)
	at org.openqa.selenium.support.events.EventFiringWebDriver.lambda$new$1(EventFiringWebDriver.java:107)
	at jdk.proxy2/jdk.proxy2.$Proxy11.getScreenshotAs(Unknown Source)
	at org.openqa.selenium.support.events.EventFiringWebDriver.getScreenshotAs(EventFiringWebDriver.java:302)
	at com.cps.qa.util.TestUtil.takeScreenshotAtEndOfTest(TestUtil.java:63)
	at com.cps.qa.util.WebEventListener.onException(WebEventListener.java:68)
	at jdk.internal.reflect.GeneratedMethodAccessor2.invoke(Unknown Source)
	at java.base/jdk.internal.reflect.DelegatingMethodAccessorImpl.invoke(DelegatingMethodAccessorImpl.java:43)
	at java.base/java.lang.reflect.Method.invoke(Method.java:568)
	at org.openqa.selenium.support.events.EventFiringWebDriver.lambda$new$0(EventFiringWebDriver.java:84)
	at jdk.proxy2/jdk.proxy2.$Proxy10.onException(Unknown Source)
	at org.openqa.selenium.support.events.EventFiringWebDriver.lambda$new$1(EventFiringWebDriver.java:107)
	at jdk.proxy2/jdk.proxy2.$Proxy11.getScreenshotAs(Unknown Source)
	at org.openqa.selenium.support.events.EventFiringWebDriver.getScreenshotAs(EventFiringWebDriver.java:302)
	at com.cps.qa.util.TestUtil.takeScreenshotAtEndOfTest(TestUtil.java:63)
	at com.cps.qa.util.WebEventListener.onException(WebEventListener.java:68)
	at jdk.internal.reflect.GeneratedMethodAccessor2.invoke(Unknown Source)
	at java.base/jdk.internal.reflect.DelegatingMethodAccessorImpl.invoke(DelegatingMethodAccessorImpl.java:43)
	at java.base/java.lang.reflect.Method.invoke(Method.java:568)
	at org.openqa.selenium.support.events.EventFiringWebDriver.lambda$new$0(EventFiringWebDriver.java:84)
	at jdk.proxy2/jdk.proxy2.$Proxy10.onException(Unknown Source)
	at org.openqa.selenium.support.events.EventFiringWebDriver.lambda$new$1(EventFiringWebDriver.java:107)
	at jdk.proxy2/jdk.proxy2.$Proxy11.getScreenshotAs(Unknown Source)
	at org.openqa.selenium.support.events.EventFiringWebDriver.getScreenshotAs(EventFiringWebDriver.java:302)
	at com.cps.qa.util.TestUtil.takeScreenshotAtEndOfTest(TestUtil.java:63)
	at com.cps.qa.util.WebEventListener.onException(WebEventListener.java:68)
	at jdk.internal.reflect.GeneratedMethodAccessor2.invoke(Unknown Source)
	at java.base/jdk.internal.reflect.DelegatingMethodAccessorImpl.invoke(DelegatingMethodAccessorImpl.java:43)
	at java.base/java.lang.reflect.Method.invoke(Method.java:568)
	at org.openqa.selenium.support.events.EventFiringWebDriver.lambda$new$0(EventFiringWebDriver.java:84)
	at jdk.proxy2/jdk.proxy2.$Proxy10.onException(Unknown Source)
	at org.openqa.selenium.support.events.EventFiringWebDriver.lambda$new$1(EventFiringWebDriver.java:107)
	at jdk.proxy2/jdk.proxy2.$Proxy11.getScreenshotAs(Unknown Source)
	at org.openqa.selenium.support.events.EventFiringWebDriver.getScreenshotAs(EventFiringWebDriver.java:302)
	at com.cps.qa.util.TestUtil.takeScreenshotAtEndOfTest(TestUtil.java:63)
	at com.cps.qa.util.WebEventListener.onException(WebEventListener.java:68)
	at jdk.internal.reflect.GeneratedMethodAccessor2.invoke(Unknown Source)
	at java.base/jdk.internal.reflect.DelegatingMethodAccessorImpl.invoke(DelegatingMethodAccessorImpl.java:43)
	at java.base/java.lang.reflect.Method.invoke(Method.java:568)
	at org.openqa.selenium.support.events.EventFiringWebDriver.lambda$new$0(EventFiringWebDriver.java:84)
	at jdk.proxy2/jdk.proxy2.$Proxy10.onException(Unknown Source)
	at org.openqa.selenium.support.events.EventFiringWebDriver.lambda$new$1(EventFiringWebDriver.java:107)
	at jdk.proxy2/jdk.proxy2.$Proxy11.getScreenshotAs(Unknown Source)
	at org.openqa.selenium.support.events.EventFiringWebDriver.getScreenshotAs(EventFiringWebDriver.java:302)
	at com.cps.qa.util.TestUtil.takeScreenshotAtEndOfTest(TestUtil.java:63)
	at com.cps.qa.util.WebEventListener.onException(WebEventListener.java:68)
	at jdk.internal.reflect.GeneratedMethodAccessor2.invoke(Unknown Source)
	at java.base/jdk.internal.reflect.DelegatingMethodAccessorImpl.invoke(DelegatingMethodAccessorImpl.java:43)
	at java.base/java.lang.reflect.Method.invoke(Method.java:568)
	at org.openqa.selenium.support.events.EventFiringWebDriver.lambda$new$0(EventFiringWebDriver.java:84)
	at jdk.proxy2/jdk.proxy2.$Proxy10.onException(Unknown Source)
	at org.openqa.selenium.support.events.EventFiringWebDriver.lambda$new$1(EventFiringWebDriver.java:107)
	at jdk.proxy2/jdk.proxy2.$Proxy11.getScreenshotAs(Unknown Source)
	at org.openqa.selenium.support.events.EventFiringWebDriver.getScreenshotAs(EventFiringWebDriver.java:302)
	at com.cps.qa.util.TestUtil.takeScreenshotAtEndOfTest(TestUtil.java:63)
	at com.cps.qa.util.WebEventListener.onException(WebEventListener.java:68)
	at jdk.internal.reflect.GeneratedMethodAccessor2.invoke(Unknown Source)
	at java.base/jdk.internal.reflect.DelegatingMethodAccessorImpl.invoke(DelegatingMethodAccessorImpl.java:43)
	at java.base/java.lang.reflect.Method.invoke(Method.java:568)
	at org.openqa.selenium.support.events.EventFiringWebDriver.lambda$new$0(EventFiringWebDriver.java:84)
	at jdk.proxy2/jdk.proxy2.$Proxy10.onException(Unknown Source)
	at org.openqa.selenium.support.events.EventFiringWebDriver.lambda$new$1(EventFiringWebDriver.java:107)
	at jdk.proxy2/jdk.proxy2.$Proxy11.getScreenshotAs(Unknown Source)
	at org.openqa.selenium.support.events.EventFiringWebDriver.getScreenshotAs(EventFiringWebDriver.java:302)
	at com.cps.qa.util.TestUtil.takeScreenshotAtEndOfTest(TestUtil.java:63)
	at com.cps.qa.util.WebEventListener.onException(WebEventListener.java:68)
	at jdk.internal.reflect.GeneratedMethodAccessor2.invoke(Unknown Source)
	at java.base/jdk.internal.reflect.DelegatingMethodAccessorImpl.invoke(DelegatingMethodAccessorImpl.java:43)
	at java.base/java.lang.reflect.Method.invoke(Method.java:568)
	at org.openqa.selenium.support.events.EventFiringWebDriver.lambda$new$0(EventFiringWebDriver.java:84)
	at jdk.proxy2/jdk.proxy2.$Proxy10.onException(Unknown Source)
	at org.openqa.selenium.support.events.EventFiringWebDriver.lambda$new$1(EventFiringWebDriver.java:107)
	at jdk.proxy2/jdk.proxy2.$Proxy11.getScreenshotAs(Unknown Source)
	at org.openqa.selenium.support.events.EventFiringWebDriver.getScreenshotAs(EventFiringWebDriver.java:302)
	at com.cps.qa.util.TestUtil.takeScreenshotAtEndOfTest(TestUtil.java:63)
	at com.cps.qa.util.WebEventListener.onException(WebEventListener.java:68)
	at jdk.internal.reflect.GeneratedMethodAccessor2.invoke(Unknown Source)
	at java.base/jdk.internal.reflect.DelegatingMethodAccessorImpl.invoke(DelegatingMethodAccessorImpl.java:43)
	at java.base/java.lang.reflect.Method.invoke(Method.java:568)
	at org.openqa.selenium.support.events.EventFiringWebDriver.lambda$new$0(EventFiringWebDriver.java:84)
	at jdk.proxy2/jdk.proxy2.$Proxy10.onException(Unknown Source)
	at org.openqa.selenium.support.events.EventFiringWebDriver.lambda$new$1(EventFiringWebDriver.java:107)
	at jdk.proxy2/jdk.proxy2.$Proxy11.getScreenshotAs(Unknown Source)
	at org.openqa.selenium.support.events.EventFiringWebDriver.getScreenshotAs(EventFiringWebDriver.java:302)
	at com.cps.qa.util.TestUtil.takeScreenshotAtEndOfTest(TestUtil.java:63)
	at com.cps.qa.util.WebEventListener.onException(WebEventListener.java:68)
	at jdk.internal.reflect.GeneratedMethodAccessor2.invoke(Unknown Source)
	at java.base/jdk.internal.reflect.DelegatingMethodAccessorImpl.invoke(DelegatingMethodAccessorImpl.java:43)
	at java.base/java.lang.reflect.Method.invoke(Method.java:568)
	at org.openqa.selenium.support.events.EventFiringWebDriver.lambda$new$0(EventFiringWebDriver.java:84)
	at jdk.proxy2/jdk.proxy2.$Proxy10.onException(Unknown Source)
	at org.openqa.selenium.support.events.EventFiringWebDriver.lambda$new$1(EventFiringWebDriver.java:107)
	at jdk.proxy2/jdk.proxy2.$Proxy11.getScreenshotAs(Unknown Source)
	at org.openqa.selenium.support.events.EventFiringWebDriver.getScreenshotAs(EventFiringWebDriver.java:302)
	at com.cps.qa.util.TestUtil.takeScreenshotAtEndOfTest(TestUtil.java:63)
	at com.cps.qa.util.WebEventListener.onException(WebEventListener.java:68)
	at jdk.internal.reflect.GeneratedMethodAccessor2.invoke(Unknown Source)
	at java.base/jdk.internal.reflect.DelegatingMethodAccessorImpl.invoke(DelegatingMethodAccessorImpl.java:43)
	at java.base/java.lang.reflect.Method.invoke(Method.java:568)
	at org.openqa.selenium.support.events.EventFiringWebDriver.lambda$new$0(EventFiringWebDriver.java:84)
	at jdk.proxy2/jdk.proxy2.$Proxy10.onException(Unknown Source)
	at org.openqa.selenium.support.events.EventFiringWebDriver.lambda$new$1(EventFiringWebDriver.java:107)
	at jdk.proxy2/jdk.proxy2.$Proxy11.getScreenshotAs(Unknown Source)
	at org.openqa.selenium.support.events.EventFiringWebDriver.getScreenshotAs(EventFiringWebDriver.java:302)
	at com.cps.qa.util.TestUtil.takeScreenshotAtEndOfTest(TestUtil.java:63)
	at com.cps.qa.util.WebEventListener.onException(WebEventListener.java:68)
	at jdk.internal.reflect.GeneratedMethodAccessor2.invoke(Unknown Source)
	at java.base/jdk.internal.reflect.DelegatingMethodAccessorImpl.invoke(DelegatingMethodAccessorImpl.java:43)
	at java.base/java.lang.reflect.Method.invoke(Method.java:568)
	at org.openqa.selenium.support.events.EventFiringWebDriver.lambda$new$0(EventFiringWebDriver.java:84)
	at jdk.proxy2/jdk.proxy2.$Proxy10.onException(Unknown Source)
	at org.openqa.selenium.support.events.EventFiringWebDriver.lambda$new$1(EventFiringWebDriver.java:107)
	at jdk.proxy2/jdk.proxy2.$Proxy11.getScreenshotAs(Unknown Source)
	at org.openqa.selenium.support.events.EventFiringWebDriver.getScreenshotAs(EventFiringWebDriver.java:302)
	at com.cps.qa.util.TestUtil.takeScreenshotAtEndOfTest(TestUtil.java:63)
	at com.cps.qa.util.WebEventListener.onException(WebEventListener.java:68)
	at jdk.internal.reflect.GeneratedMethodAccessor2.invoke(Unknown Source)
	at java.base/jdk.internal.reflect.DelegatingMethodAccessorImpl.invoke(DelegatingMethodAccessorImpl.java:43)
	at java.base/java.lang.reflect.Method.invoke(Method.java:568)
	at org.openqa.selenium.support.events.EventFiringWebDriver.lambda$new$0(EventFiringWebDriver.java:84)
	at jdk.proxy2/jdk.proxy2.$Proxy10.onException(Unknown Source)
	at org.openqa.selenium.support.events.EventFiringWebDriver.lambda$new$1(EventFiringWebDriver.java:107)
	at jdk.proxy2/jdk.proxy2.$Proxy11.getScreenshotAs(Unknown Source)
	at org.openqa.selenium.support.events.EventFiringWebDriver.getScreenshotAs(EventFiringWebDriver.java:302)
	at com.cps.qa.util.TestUtil.takeScreenshotAtEndOfTest(TestUtil.java:63)
	at com.cps.qa.util.WebEventListener.onException(WebEventListener.java:68)
	at jdk.internal.reflect.GeneratedMethodAccessor2.invoke(Unknown Source)
	at java.base/jdk.internal.reflect.DelegatingMethodAccessorImpl.invoke(DelegatingMethodAccessorImpl.java:43)
	at java.base/java.lang.reflect.Method.invoke(Method.java:568)
	at org.openqa.selenium.support.events.EventFiringWebDriver.lambda$new$0(EventFiringWebDriver.java:84)
	at jdk.proxy2/jdk.proxy2.$Proxy10.onException(Unknown Source)
	at org.openqa.selenium.support.events.EventFiringWebDriver.lambda$new$1(EventFiringWebDriver.java:107)
	at jdk.proxy2/jdk.proxy2.$Proxy11.getScreenshotAs(Unknown Source)
	at org.openqa.selenium.support.events.EventFiringWebDriver.getScreenshotAs(EventFiringWebDriver.java:302)
	at com.cps.qa.util.TestUtil.takeScreenshotAtEndOfTest(TestUtil.java:63)
	at com.cps.qa.util.WebEventListener.onException(WebEventListener.java:68)
	at jdk.internal.reflect.GeneratedMethodAccessor2.invoke(Unknown Source)
	at java.base/jdk.internal.reflect.DelegatingMethodAccessorImpl.invoke(DelegatingMethodAccessorImpl.java:43)
	at java.base/java.lang.reflect.Method.invoke(Method.java:568)
	at org.openqa.selenium.support.events.EventFiringWebDriver.lambda$new$0(EventFiringWebDriver.java:84)
	at jdk.proxy2/jdk.proxy2.$Proxy10.onException(Unknown Source)
	at org.openqa.selenium.support.events.EventFiringWebDriver.lambda$new$1(EventFiringWebDriver.java:107)
	at jdk.proxy2/jdk.proxy2.$Proxy11.getScreenshotAs(Unknown Source)
	at org.openqa.selenium.support.events.EventFiringWebDriver.getScreenshotAs(EventFiringWebDriver.java:302)
	at com.cps.qa.util.TestUtil.takeScreenshotAtEndOfTest(TestUtil.java:63)
	at com.cps.qa.util.WebEventListener.onException(WebEventListener.java:68)
	at jdk.internal.reflect.GeneratedMethodAccessor2.invoke(Unknown Source)
	at java.base/jdk.internal.reflect.DelegatingMethodAccessorImpl.invoke(DelegatingMethodAccessorImpl.java:43)
	at java.base/java.lang.reflect.Method.invoke(Method.java:568)
	at org.openqa.selenium.support.events.EventFiringWebDriver.lambda$new$0(EventFiringWebDriver.java:84)
	at jdk.proxy2/jdk.proxy2.$Proxy10.onException(Unknown Source)
	at org.openqa.selenium.support.events.EventFiringWebDriver.lambda$new$1(EventFiringWebDriver.java:107)
	at jdk.proxy2/jdk.proxy2.$Proxy11.getScreenshotAs(Unknown Source)
	at org.openqa.selenium.support.events.EventFiringWebDriver.getScreenshotAs(EventFiringWebDriver.java:302)
	at com.cps.qa.util.TestUtil.takeScreenshotAtEndOfTest(TestUtil.java:63)
	at com.cps.qa.util.WebEventListener.onException(WebEventListener.java:68)
	at jdk.internal.reflect.GeneratedMethodAccessor2.invoke(Unknown Source)
	at java.base/jdk.internal.reflect.DelegatingMethodAccessorImpl.invoke(DelegatingMethodAccessorImpl.java:43)
	at java.base/java.lang.reflect.Method.invoke(Method.java:568)
	at org.openqa.selenium.support.events.EventFiringWebDriver.lambda$new$0(EventFiringWebDriver.java:84)
	at jdk.proxy2/jdk.proxy2.$Proxy10.onException(Unknown Source)
	at org.openqa.selenium.support.events.EventFiringWebDriver.lambda$new$1(EventFiringWebDriver.java:107)
	at jdk.proxy2/jdk.proxy2.$Proxy11.getScreenshotAs(Unknown Source)
	at org.openqa.selenium.support.events.EventFiringWebDriver.getScreenshotAs(EventFiringWebDriver.java:302)
	at com.cps.qa.util.TestUtil.takeScreenshotAtEndOfTest(TestUtil.java:63)
	at com.cps.qa.util.WebEventListener.onException(WebEventListener.java:68)
	at jdk.internal.reflect.GeneratedMethodAccessor2.invoke(Unknown Source)
	at java.base/jdk.internal.reflect.DelegatingMethodAccessorImpl.invoke(DelegatingMethodAccessorImpl.java:43)
	at java.base/java.lang.reflect.Method.invoke(Method.java:568)
	at org.openqa.selenium.support.events.EventFiringWebDriver.lambda$new$0(EventFiringWebDriver.java:84)
	at jdk.proxy2/jdk.proxy2.$Proxy10.onException(Unknown Source)
	at org.openqa.selenium.support.events.EventFiringWebDriver.lambda$new$1(EventFiringWebDriver.java:107)
	at jdk.proxy2/jdk.proxy2.$Proxy11.getScreenshotAs(Unknown Source)
	at org.openqa.selenium.support.events.EventFiringWebDriver.getScreenshotAs(EventFiringWebDriver.java:302)
	at com.cps.qa.util.TestUtil.takeScreenshotAtEndOfTest(TestUtil.java:63)
	at com.cps.qa.util.WebEventListener.onException(WebEventListener.java:68)
	at jdk.internal.reflect.GeneratedMethodAccessor2.invoke(Unknown Source)
	at java.base/jdk.internal.reflect.DelegatingMethodAccessorImpl.invoke(DelegatingMethodAccessorImpl.java:43)
	at java.base/java.lang.reflect.Method.invoke(Method.java:568)
	at org.openqa.selenium.support.events.EventFiringWebDriver.lambda$new$0(EventFiringWebDriver.java:84)
	at jdk.proxy2/jdk.proxy2.$Proxy10.onException(Unknown Source)
	at org.openqa.selenium.support.events.EventFiringWebDriver.lambda$new$1(EventFiringWebDriver.java:107)
	at jdk.proxy2/jdk.proxy2.$Proxy11.getScreenshotAs(Unknown Source)
	at org.openqa.selenium.support.events.EventFiringWebDriver.getScreenshotAs(EventFiringWebDriver.java:302)
	at com.cps.qa.util.TestUtil.takeScreenshotAtEndOfTest(TestUtil.java:63)
	at com.cps.qa.util.WebEventListener.onException(WebEventListener.java:68)
	at jdk.internal.reflect.GeneratedMethodAccessor2.invoke(Unknown Source)
	at java.base/jdk.internal.reflect.DelegatingMethodAccessorImpl.invoke(DelegatingMethodAccessorImpl.java:43)
	at java.base/java.lang.reflect.Method.invoke(Method.java:568)
	at org.openqa.selenium.support.events.EventFiringWebDriver.lambda$new$0(EventFiringWebDriver.java:84)
	at jdk.proxy2/jdk.proxy2.$Proxy10.onException(Unknown Source)
	at org.openqa.selenium.support.events.EventFiringWebDriver.lambda$new$1(EventFiringWebDriver.java:107)
	at jdk.proxy2/jdk.proxy2.$Proxy11.getScreenshotAs(Unknown Source)
	at org.openqa.selenium.support.events.EventFiringWebDriver.getScreenshotAs(EventFiringWebDriver.java:302)
	at com.cps.qa.util.TestUtil.takeScreenshotAtEndOfTest(TestUtil.java:63)
	at com.cps.qa.util.WebEventListener.onException(WebEventListener.java:68)
	at jdk.internal.reflect.GeneratedMethodAccessor2.invoke(Unknown Source)
	at java.base/jdk.internal.reflect.DelegatingMethodAccessorImpl.invoke(DelegatingMethodAccessorImpl.java:43)
	at java.base/java.lang.reflect.Method.invoke(Method.java:568)
	at org.openqa.selenium.support.events.EventFiringWebDriver.lambda$new$0(EventFiringWebDriver.java:84)
	at jdk.proxy2/jdk.proxy2.$Proxy10.onException(Unknown Source)
	at org.openqa.selenium.support.events.EventFiringWebDriver.lambda$new$1(EventFiringWebDriver.java:107)
	at jdk.proxy2/jdk.proxy2.$Proxy11.getScreenshotAs(Unknown Source)
	at org.openqa.selenium.support.events.EventFiringWebDriver.getScreenshotAs(EventFiringWebDriver.java:302)
	at com.cps.qa.util.TestUtil.takeScreenshotAtEndOfTest(TestUtil.java:63)
	at com.cps.qa.util.WebEventListener.onException(WebEventListener.java:68)
	at jdk.internal.reflect.GeneratedMethodAccessor2.invoke(Unknown Source)
	at java.base/jdk.internal.reflect.DelegatingMethodAccessorImpl.invoke(DelegatingMethodAccessorImpl.java:43)
	at java.base/java.lang.reflect.Method.invoke(Method.java:568)
	at org.openqa.selenium.support.events.EventFiringWebDriver.lambda$new$0(EventFiringWebDriver.java:84)
	at jdk.proxy2/jdk.proxy2.$Proxy10.onException(Unknown Source)
	at org.openqa.selenium.support.events.EventFiringWebDriver.lambda$new$1(EventFiringWebDriver.java:107)
	at jdk.proxy2/jdk.proxy2.$Proxy11.getScreenshotAs(Unknown Source)
	at org.openqa.selenium.support.events.EventFiringWebDriver.getScreenshotAs(EventFiringWebDriver.java:302)
	at com.cps.qa.util.TestUtil.takeScreenshotAtEndOfTest(TestUtil.java:63)
	at com.cps.qa.util.WebEventListener.onException(WebEventListener.java:68)
	at jdk.internal.reflect.GeneratedMethodAccessor2.invoke(Unknown Source)
	at java.base/jdk.internal.reflect.DelegatingMethodAccessorImpl.invoke(DelegatingMethodAccessorImpl.java:43)
	at java.base/java.lang.reflect.Method.invoke(Method.java:568)
	at org.openqa.selenium.support.events.EventFiringWebDriver.lambda$new$0(EventFiringWebDriver.java:84)
	at jdk.proxy2/jdk.proxy2.$Proxy10.onException(Unknown Source)
	at org.openqa.selenium.support.events.EventFiringWebDriver.lambda$new$1(EventFiringWebDriver.java:107)
	at jdk.proxy2/jdk.proxy2.$Proxy11.getScreenshotAs(Unknown Source)
	at org.openqa.selenium.support.events.EventFiringWebDriver.getScreenshotAs(EventFiringWebDriver.java:302)
	at com.cps.qa.util.TestUtil.takeScreenshotAtEndOfTest(TestUtil.java:63)
	at com.cps.qa.util.WebEventListener.onException(WebEventListener.java:68)
	at jdk.internal.reflect.GeneratedMethodAccessor2.invoke(Unknown Source)
	at java.base/jdk.internal.reflect.DelegatingMethodAccessorImpl.invoke(DelegatingMethodAccessorImpl.java:43)
	at java.base/java.lang.reflect.Method.invoke(Method.java:568)
	at org.openqa.selenium.support.events.EventFiringWebDriver.lambda$new$0(EventFiringWebDriver.java:84)
	at jdk.proxy2/jdk.proxy2.$Proxy10.onException(Unknown Source)
	at org.openqa.selenium.support.events.EventFiringWebDriver.lambda$new$1(EventFiringWebDriver.java:107)
	at jdk.proxy2/jdk.proxy2.$Proxy11.getScreenshotAs(Unknown Source)
	at org.openqa.selenium.support.events.EventFiringWebDriver.getScreenshotAs(EventFiringWebDriver.java:302)
	at com.cps.qa.util.TestUtil.takeScreenshotAtEndOfTest(TestUtil.java:63)
	at com.cps.qa.util.WebEventListener.onException(WebEventListener.java:68)
	at jdk.internal.reflect.GeneratedMethodAccessor2.invoke(Unknown Source)
	at java.base/jdk.internal.reflect.DelegatingMethodAccessorImpl.invoke(DelegatingMethodAccessorImpl.java:43)
	at java.base/java.lang.reflect.Method.invoke(Method.java:568)
	at org.openqa.selenium.support.events.EventFiringWebDriver.lambda$new$0(EventFiringWebDriver.java:84)
	at jdk.proxy2/jdk.proxy2.$Proxy10.onException(Unknown Source)
	at org.openqa.selenium.support.events.EventFiringWebDriver.lambda$new$1(EventFiringWebDriver.java:107)
	at jdk.proxy2/jdk.proxy2.$Proxy11.getScreenshotAs(Unknown Source)
	at org.openqa.selenium.support.events.EventFiringWebDriver.getScreenshotAs(EventFiringWebDriver.java:302)
	at com.cps.qa.util.TestUtil.takeScreenshotAtEndOfTest(TestUtil.java:63)
	at com.cps.qa.util.WebEventListener.onException(WebEventListener.java:68)
	at jdk.internal.reflect.GeneratedMethodAccessor2.invoke(Unknown Source)
	at java.base/jdk.internal.reflect.DelegatingMethodAccessorImpl.invoke(DelegatingMethodAccessorImpl.java:43)
	at java.base/java.lang.reflect.Method.invoke(Method.java:568)
	at org.openqa.selenium.support.events.EventFiringWebDriver.lambda$new$0(EventFiringWebDriver.java:84)
	at jdk.proxy2/jdk.proxy2.$Proxy10.onException(Unknown Source)
	at org.openqa.selenium.support.events.EventFiringWebDriver.lambda$new$1(EventFiringWebDriver.java:107)
	at jdk.proxy2/jdk.proxy2.$Proxy11.getScreenshotAs(Unknown Source)
	at org.openqa.selenium.support.events.EventFiringWebDriver.getScreenshotAs(EventFiringWebDriver.java:302)
	at com.cps.qa.util.TestUtil.takeScreenshotAtEndOfTest(TestUtil.java:63)
	at com.cps.qa.util.WebEventListener.onException(WebEventListener.java:68)
	at jdk.internal.reflect.GeneratedMethodAccessor2.invoke(Unknown Source)
	at java.base/jdk.internal.reflect.DelegatingMethodAccessorImpl.invoke(DelegatingMethodAccessorImpl.java:43)
	at java.base/java.lang.reflect.Method.invoke(Method.java:568)
	at org.openqa.selenium.support.events.EventFiringWebDriver.lambda$new$0(EventFiringWebDriver.java:84)
	at jdk.proxy2/jdk.proxy2.$Proxy10.onException(Unknown Source)
	at org.openqa.selenium.support.events.EventFiringWebDriver.lambda$new$1(EventFiringWebDriver.java:107)
	at jdk.proxy2/jdk.proxy2.$Proxy11.getScreenshotAs(Unknown Source)
	at org.openqa.selenium.support.events.EventFiringWebDriver.getScreenshotAs(EventFiringWebDriver.java:302)
	at com.cps.qa.util.TestUtil.takeScreenshotAtEndOfTest(TestUtil.java:63)
	at com.cps.qa.util.WebEventListener.onException(WebEventListener.java:68)
	at jdk.internal.reflect.GeneratedMethodAccessor2.invoke(Unknown Source)
	at java.base/jdk.internal.reflect.DelegatingMethodAccessorImpl.invoke(DelegatingMethodAccessorImpl.java:43)
	at java.base/java.lang.reflect.Method.invoke(Method.java:568)
	at org.openqa.selenium.support.events.EventFiringWebDriver.lambda$new$0(EventFiringWebDriver.java:84)
	at jdk.proxy2/jdk.proxy2.$Proxy10.onException(Unknown Source)
	at org.openqa.selenium.support.events.EventFiringWebDriver.lambda$new$1(EventFiringWebDriver.java:107)
	at jdk.proxy2/jdk.proxy2.$Proxy11.getScreenshotAs(Unknown Source)
	at org.openqa.selenium.support.events.EventFiringWebDriver.getScreenshotAs(EventFiringWebDriver.java:302)
	at com.cps.qa.util.TestUtil.takeScreenshotAtEndOfTest(TestUtil.java:63)
	at com.cps.qa.util.WebEventListener.onException(WebEventListener.java:68)
	at jdk.internal.reflect.GeneratedMethodAccessor2.invoke(Unknown Source)
	at java.base/jdk.internal.reflect.DelegatingMethodAccessorImpl.invoke(DelegatingMethodAccessorImpl.java:43)
	at java.base/java.lang.reflect.Method.invoke(Method.java:568)
	at org.openqa.selenium.support.events.EventFiringWebDriver.lambda$new$0(EventFiringWebDriver.java:84)
	at jdk.proxy2/jdk.proxy2.$Proxy10.onException(Unknown Source)
	at org.openqa.selenium.support.events.EventFiringWebDriver.lambda$new$1(EventFiringWebDriver.java:107)
	at jdk.proxy2/jdk.proxy2.$Proxy11.getScreenshotAs(Unknown Source)
	at org.openqa.selenium.support.events.EventFiringWebDriver.getScreenshotAs(EventFiringWebDriver.java:302)
	at com.cps.qa.util.TestUtil.takeScreenshotAtEndOfTest(TestUtil.java:63)
	at com.cps.qa.util.WebEventListener.onException(WebEventListener.java:68)
	at jdk.internal.reflect.GeneratedMethodAccessor2.invoke(Unknown Source)
	at java.base/jdk.internal.reflect.DelegatingMethodAccessorImpl.invoke(DelegatingMethodAccessorImpl.java:43)
	at java.base/java.lang.reflect.Method.invoke(Method.java:568)
	at org.openqa.selenium.support.events.EventFiringWebDriver.lambda$new$0(EventFiringWebDriver.java:84)
	at jdk.proxy2/jdk.proxy2.$Proxy10.onException(Unknown Source)
	at org.openqa.selenium.support.events.EventFiringWebDriver.lambda$new$1(EventFiringWebDriver.java:107)
	at jdk.proxy2/jdk.proxy2.$Proxy11.getScreenshotAs(Unknown Source)
	at org.openqa.selenium.support.events.EventFiringWebDriver.getScreenshotAs(EventFiringWebDriver.java:302)
	at com.cps.qa.util.TestUtil.takeScreenshotAtEndOfTest(TestUtil.java:63)
	at com.cps.qa.util.WebEventListener.onException(WebEventListener.java:68)
	at jdk.internal.reflect.GeneratedMethodAccessor2.invoke(Unknown Source)
	at java.base/jdk.internal.reflect.DelegatingMethodAccessorImpl.invoke(DelegatingMethodAccessorImpl.java:43)
	at java.base/java.lang.reflect.Method.invoke(Method.java:568)
	at org.openqa.selenium.support.events.EventFiringWebDriver.lambda$new$0(EventFiringWebDriver.java:84)
	at jdk.proxy2/jdk.proxy2.$Proxy10.onException(Unknown Source)
	at org.openqa.selenium.support.events.EventFiringWebDriver.lambda$new$1(EventFiringWebDriver.java:107)
	at jdk.proxy2/jdk.proxy2.$Proxy11.getScreenshotAs(Unknown Source)
	at org.openqa.selenium.support.events.EventFiringWebDriver.getScreenshotAs(EventFiringWebDriver.java:302)
	at com.cps.qa.util.TestUtil.takeScreenshotAtEndOfTest(TestUtil.java:63)
	at com.cps.qa.util.WebEventListener.onException(WebEventListener.java:68)
	at jdk.internal.reflect.GeneratedMethodAccessor2.invoke(Unknown Source)
	at java.base/jdk.internal.reflect.DelegatingMethodAccessorImpl.invoke(DelegatingMethodAccessorImpl.java:43)
	at java.base/java.lang.reflect.Method.invoke(Method.java:568)
	at org.openqa.selenium.support.events.EventFiringWebDriver.lambda$new$0(EventFiringWebDriver.java:84)
	at jdk.proxy2/jdk.proxy2.$Proxy10.onException(Unknown Source)
	at org.openqa.selenium.support.events.EventFiringWebDriver.lambda$new$1(EventFiringWebDriver.java:107)
	at jdk.proxy2/jdk.proxy2.$Proxy11.getScreenshotAs(Unknown Source)
	at org.openqa.selenium.support.events.EventFiringWebDriver.getScreenshotAs(EventFiringWebDriver.java:302)
	at com.cps.qa.util.TestUtil.takeScreenshotAtEndOfTest(TestUtil.java:63)
	at com.cps.qa.util.WebEventListener.onException(WebEventListener.java:68)
	at jdk.internal.reflect.GeneratedMethodAccessor2.invoke(Unknown Source)
	at java.base/jdk.internal.reflect.DelegatingMethodAccessorImpl.invoke(DelegatingMethodAccessorImpl.java:43)
	at java.base/java.lang.reflect.Method.invoke(Method.java:568)
	at org.openqa.selenium.support.events.EventFiringWebDriver.lambda$new$0(EventFiringWebDriver.java:84)
	at jdk.proxy2/jdk.proxy2.$Proxy10.onException(Unknown Source)
	at org.openqa.selenium.support.events.EventFiringWebDriver.lambda$new$1(EventFiringWebDriver.java:107)
	at jdk.proxy2/jdk.proxy2.$Proxy11.getScreenshotAs(Unknown Source)
	at org.openqa.selenium.support.events.EventFiringWebDriver.getScreenshotAs(EventFiringWebDriver.java:302)
	at com.cps.qa.util.TestUtil.takeScreenshotAtEndOfTest(TestUtil.java:63)
	at com.cps.qa.util.WebEventListener.onException(WebEventListener.java:68)
	at jdk.internal.reflect.GeneratedMethodAccessor2.invoke(Unknown Source)
	at java.base/jdk.internal.reflect.DelegatingMethodAccessorImpl.invoke(DelegatingMethodAccessorImpl.java:43)
	at java.base/java.lang.reflect.Method.invoke(Method.java:568)
	at org.openqa.selenium.support.events.EventFiringWebDriver.lambda$new$0(EventFiringWebDriver.java:84)
	at jdk.proxy2/jdk.proxy2.$Proxy10.onException(Unknown Source)
	at org.openqa.selenium.support.events.EventFiringWebDriver.lambda$new$1(EventFiringWebDriver.java:107)
	at jdk.proxy2/jdk.proxy2.$Proxy11.getScreenshotAs(Unknown Source)
	at org.openqa.selenium.support.events.EventFiringWebDriver.getScreenshotAs(EventFiringWebDriver.java:302)
	at com.cps.qa.util.TestUtil.takeScreenshotAtEndOfTest(TestUtil.java:63)
	at com.cps.qa.util.WebEventListener.onException(WebEventListener.java:68)
	at jdk.internal.reflect.GeneratedMethodAccessor2.invoke(Unknown Source)
	at java.base/jdk.internal.reflect.DelegatingMethodAccessorImpl.invoke(DelegatingMethodAccessorImpl.java:43)
	at java.base/java.lang.reflect.Method.invoke(Method.java:568)
	at org.openqa.selenium.support.events.EventFiringWebDriver.lambda$new$0(EventFiringWebDriver.java:84)
	at jdk.proxy2/jdk.proxy2.$Proxy10.onException(Unknown Source)
	at org.openqa.selenium.support.events.EventFiringWebDriver.lambda$new$1(EventFiringWebDriver.java:107)
	at jdk.proxy2/jdk.proxy2.$Proxy11.getScreenshotAs(Unknown Source)
	at org.openqa.selenium.support.events.EventFiringWebDriver.getScreenshotAs(EventFiringWebDriver.java:302)
	at com.cps.qa.util.TestUtil.takeScreenshotAtEndOfTest(TestUtil.java:63)
	at com.cps.qa.util.WebEventListener.onException(WebEventListener.java:68)
	at jdk.internal.reflect.GeneratedMethodAccessor2.invoke(Unknown Source)
	at java.base/jdk.internal.reflect.DelegatingMethodAccessorImpl.invoke(DelegatingMethodAccessorImpl.java:43)
	at java.base/java.lang.reflect.Method.invoke(Method.java:568)
	at org.openqa.selenium.support.events.EventFiringWebDriver.lambda$new$0(EventFiringWebDriver.java:84)
	at jdk.proxy2/jdk.proxy2.$Proxy10.onException(Unknown Source)
	at org.openqa.selenium.support.events.EventFiringWebDriver.lambda$new$1(EventFiringWebDriver.java:107)
	at jdk.proxy2/jdk.proxy2.$Proxy11.getScreenshotAs(Unknown Source)
	at org.openqa.selenium.support.events.EventFiringWebDriver.getScreenshotAs(EventFiringWebDriver.java:302)
	at com.cps.qa.util.TestUtil.takeScreenshotAtEndOfTest(TestUtil.java:63)
	at com.cps.qa.util.WebEventListener.onException(WebEventListener.java:68)
	at jdk.internal.reflect.GeneratedMethodAccessor2.invoke(Unknown Source)
	at java.base/jdk.internal.reflect.DelegatingMethodAccessorImpl.invoke(DelegatingMethodAccessorImpl.java:43)
	at java.base/java.lang.reflect.Method.invoke(Method.java:568)
	at org.openqa.selenium.support.events.EventFiringWebDriver.lambda$new$0(EventFiringWebDriver.java:84)
	at jdk.proxy2/jdk.proxy2.$Proxy10.onException(Unknown Source)
	at org.openqa.selenium.support.events.EventFiringWebDriver.lambda$new$1(EventFiringWebDriver.java:107)
	at jdk.proxy2/jdk.proxy2.$Proxy11.getScreenshotAs(Unknown Source)
	at org.openqa.selenium.support.events.EventFiringWebDriver.getScreenshotAs(EventFiringWebDriver.java:302)
	at com.cps.qa.util.TestUtil.takeScreenshotAtEndOfTest(TestUtil.java:63)
	at com.cps.qa.util.WebEventListener.onException(WebEventListener.java:68)
	at jdk.internal.reflect.GeneratedMethodAccessor2.invoke(Unknown Source)
	at java.base/jdk.internal.reflect.DelegatingMethodAccessorImpl.invoke(DelegatingMethodAccessorImpl.java:43)
	at java.base/java.lang.reflect.Method.invoke(Method.java:568)
	at org.openqa.selenium.support.events.EventFiringWebDriver.lambda$new$0(EventFiringWebDriver.java:84)
	at jdk.proxy2/jdk.proxy2.$Proxy10.onException(Unknown Source)
	at org.openqa.selenium.support.events.EventFiringWebDriver.lambda$new$1(EventFiringWebDriver.java:107)
	at jdk.proxy2/jdk.proxy2.$Proxy11.getScreenshotAs(Unknown Source)
	at org.openqa.selenium.support.events.EventFiringWebDriver.getScreenshotAs(EventFiringWebDriver.java:302)
	at com.cps.qa.util.TestUtil.takeScreenshotAtEndOfTest(TestUtil.java:63)
	at com.cps.qa.util.WebEventListener.onException(WebEventListener.java:68)
	at jdk.internal.reflect.GeneratedMethodAccessor2.invoke(Unknown Source)
	at java.base/jdk.internal.reflect.DelegatingMethodAccessorImpl.invoke(DelegatingMethodAccessorImpl.java:43)
	at java.base/java.lang.reflect.Method.invoke(Method.java:568)
	at org.openqa.selenium.support.events.EventFiringWebDriver.lambda$new$0(EventFiringWebDriver.java:84)
	at jdk.proxy2/jdk.proxy2.$Proxy10.onException(Unknown Source)
	at org.openqa.selenium.support.events.EventFiringWebDriver.lambda$new$1(EventFiringWebDriver.java:107)
	at jdk.proxy2/jdk.proxy2.$Proxy11.getScreenshotAs(Unknown Source)
	at org.openqa.selenium.support.events.EventFiringWebDriver.getScreenshotAs(EventFiringWebDriver.java:302)
	at com.cps.qa.util.TestUtil.takeScreenshotAtEndOfTest(TestUtil.java:63)
	at com.cps.qa.util.WebEventListener.onException(WebEventListener.java:68)
	at jdk.internal.reflect.GeneratedMethodAccessor2.invoke(Unknown Source)
	at java.base/jdk.internal.reflect.DelegatingMethodAccessorImpl.invoke(DelegatingMethodAccessorImpl.java:43)
	at java.base/java.lang.reflect.Method.invoke(Method.java:568)
	at org.openqa.selenium.support.events.EventFiringWebDriver.lambda$new$0(EventFiringWebDriver.java:84)
	at jdk.proxy2/jdk.proxy2.$Proxy10.onException(Unknown Source)
	at org.openqa.selenium.support.events.EventFiringWebDriver.lambda$new$1(EventFiringWebDriver.java:107)
	at jdk.proxy2/jdk.proxy2.$Proxy11.getScreenshotAs(Unknown Source)
	at org.openqa.selenium.support.events.EventFiringWebDriver.getScreenshotAs(EventFiringWebDriver.java:302)
	at com.cps.qa.util.TestUtil.takeScreenshotAtEndOfTest(TestUtil.java:63)
	at com.cps.qa.util.WebEventListener.onException(WebEventListener.java:68)
	at jdk.internal.reflect.GeneratedMethodAccessor2.invoke(Unknown Source)
	at java.base/jdk.internal.reflect.DelegatingMethodAccessorImpl.invoke(DelegatingMethodAccessorImpl.java:43)
	at java.base/java.lang.reflect.Method.invoke(Method.java:568)
	at org.openqa.selenium.support.events.EventFiringWebDriver.lambda$new$0(EventFiringWebDriver.java:84)
	at jdk.proxy2/jdk.proxy2.$Proxy10.onException(Unknown Source)
	at org.openqa.selenium.support.events.EventFiringWebDriver.lambda$new$1(EventFiringWebDriver.java:107)
	at jdk.proxy2/jdk.proxy2.$Proxy11.getScreenshotAs(Unknown Source)
	at org.openqa.selenium.support.events.EventFiringWebDriver.getScreenshotAs(EventFiringWebDriver.java:302)
	at com.cps.qa.util.TestUtil.takeScreenshotAtEndOfTest(TestUtil.java:63)
	at com.cps.qa.util.WebEventListener.onException(WebEventListener.java:68)
	at jdk.internal.reflect.GeneratedMethodAccessor2.invoke(Unknown Source)
	at java.base/jdk.internal.reflect.DelegatingMethodAccessorImpl.invoke(DelegatingMethodAccessorImpl.java:43)
	at java.base/java.lang.reflect.Method.invoke(Method.java:568)
	at org.openqa.selenium.support.events.EventFiringWebDriver.lambda$new$0(EventFiringWebDriver.java:84)
	at jdk.proxy2/jdk.proxy2.$Proxy10.onException(Unknown Source)
	at org.openqa.selenium.support.events.EventFiringWebDriver.lambda$new$1(EventFiringWebDriver.java:107)
	at jdk.proxy2/jdk.proxy2.$Proxy11.getScreenshotAs(Unknown Source)
	at org.openqa.selenium.support.events.EventFiringWebDriver.getScreenshotAs(EventFiringWebDriver.java:302)
	at com.cps.qa.util.TestUtil.takeScreenshotAtEndOfTest(TestUtil.java:63)
	at com.cps.qa.util.WebEventListener.onException(WebEventListener.java:68)
	at jdk.internal.reflect.GeneratedMethodAccessor2.invoke(Unknown Source)
	at java.base/jdk.internal.reflect.DelegatingMethodAccessorImpl.invoke(DelegatingMethodAccessorImpl.java:43)
	at java.base/java.lang.reflect.Method.invoke(Method.java:568)
	at org.openqa.selenium.support.events.EventFiringWebDriver.lambda$new$0(EventFiringWebDriver.java:84)
	at jdk.proxy2/jdk.proxy2.$Proxy10.onException(Unknown Source)
	at org.openqa.selenium.support.events.EventFiringWebDriver.lambda$new$1(EventFiringWebDriver.java:107)
	at jdk.proxy2/jdk.proxy2.$Proxy11.getScreenshotAs(Unknown Source)
	at org.openqa.selenium.support.events.EventFiringWebDriver.getScreenshotAs(EventFiringWebDriver.java:302)
	at com.cps.qa.util.TestUtil.takeScreenshotAtEndOfTest(TestUtil.java:63)
	at com.cps.qa.util.WebEventListener.onException(WebEventListener.java:68)
	at jdk.internal.reflect.GeneratedMethodAccessor2.invoke(Unknown Source)
	at java.base/jdk.internal.reflect.DelegatingMethodAccessorImpl.invoke(DelegatingMethodAccessorImpl.java:43)
	at java.base/java.lang.reflect.Method.invoke(Method.java:568)
	at org.openqa.selenium.support.events.EventFiringWebDriver.lambda$new$0(EventFiringWebDriver.java:84)
	at jdk.proxy2/jdk.proxy2.$Proxy10.onException(Unknown Source)
	at org.openqa.selenium.support.events.EventFiringWebDriver.lambda$new$1(EventFiringWebDriver.java:107)
	at jdk.proxy2/jdk.proxy2.$Proxy11.getScreenshotAs(Unknown Source)
	at org.openqa.selenium.support.events.EventFiringWebDriver.getScreenshotAs(EventFiringWebDriver.java:302)
	at com.cps.qa.util.TestUtil.takeScreenshotAtEndOfTest(TestUtil.java:63)
	at com.cps.qa.util.WebEventListener.onException(WebEventListener.java:68)
	at jdk.internal.reflect.GeneratedMethodAccessor2.invoke(Unknown Source)
	at java.base/jdk.internal.reflect.DelegatingMethodAccessorImpl.invoke(DelegatingMethodAccessorImpl.java:43)
	at java.base/java.lang.reflect.Method.invoke(Method.java:568)
	at org.openqa.selenium.support.events.EventFiringWebDriver.lambda$new$0(EventFiringWebDriver.java:84)
	at jdk.proxy2/jdk.proxy2.$Proxy10.onException(Unknown Source)
	at org.openqa.selenium.support.events.EventFiringWebDriver.lambda$new$1(EventFiringWebDriver.java:107)
	at jdk.proxy2/jdk.proxy2.$Proxy11.getScreenshotAs(Unknown Source)
	at org.openqa.selenium.support.events.EventFiringWebDriver.getScreenshotAs(EventFiringWebDriver.java:302)
	at com.cps.qa.util.TestUtil.takeScreenshotAtEndOfTest(TestUtil.java:63)
	at com.cps.qa.util.WebEventListener.onException(WebEventListener.java:68)
	at jdk.internal.reflect.GeneratedMethodAccessor2.invoke(Unknown Source)
	at java.base/jdk.internal.reflect.DelegatingMethodAccessorImpl.invoke(DelegatingMethodAccessorImpl.java:43)
	at java.base/java.lang.reflect.Method.invoke(Method.java:568)
	at org.openqa.selenium.support.events.EventFiringWebDriver.lambda$new$0(EventFiringWebDriver.java:84)
	at jdk.proxy2/jdk.proxy2.$Proxy10.onException(Unknown Source)
	at org.openqa.selenium.support.events.EventFiringWebDriver.lambda$new$1(EventFiringWebDriver.java:107)
	at jdk.proxy2/jdk.proxy2.$Proxy11.getScreenshotAs(Unknown Source)
	at org.openqa.selenium.support.events.EventFiringWebDriver.getScreenshotAs(EventFiringWebDriver.java:302)
	at com.cps.qa.util.TestUtil.takeScreenshotAtEndOfTest(TestUtil.java:63)
	at com.cps.qa.util.WebEventListener.onException(WebEventListener.java:68)
	at jdk.internal.reflect.GeneratedMethodAccessor2.invoke(Unknown Source)
	at java.base/jdk.internal.reflect.DelegatingMethodAccessorImpl.invoke(DelegatingMethodAccessorImpl.java:43)
	at java.base/java.lang.reflect.Method.invoke(Method.java:568)
	at org.openqa.selenium.support.events.EventFiringWebDriver.lambda$new$0(EventFiringWebDriver.java:84)
	at jdk.proxy2/jdk.proxy2.$Proxy10.onException(Unknown Source)
	at org.openqa.selenium.support.events.EventFiringWebDriver.lambda$new$1(EventFiringWebDriver.java:107)
	at jdk.proxy2/jdk.proxy2.$Proxy11.getScreenshotAs(Unknown Source)
	at org.openqa.selenium.support.events.EventFiringWebDriver.getScreenshotAs(EventFiringWebDriver.java:302)
	at com.cps.qa.util.TestUtil.takeScreenshotAtEndOfTest(TestUtil.java:63)
	at com.cps.qa.util.WebEventListener.onException(WebEventListener.java:68)
	at jdk.internal.reflect.GeneratedMethodAccessor2.invoke(Unknown Source)
	at java.base/jdk.internal.reflect.DelegatingMethodAccessorImpl.invoke(DelegatingMethodAccessorImpl.java:43)
	at java.base/java.lang.reflect.Method.invoke(Method.java:568)
	at org.openqa.selenium.support.events.EventFiringWebDriver.lambda$new$0(EventFiringWebDriver.java:84)
	at jdk.proxy2/jdk.proxy2.$Proxy10.onException(Unknown Source)
	at org.openqa.selenium.support.events.EventFiringWebDriver.lambda$new$1(EventFiringWebDriver.java:107)
	at jdk.proxy2/jdk.proxy2.$Proxy11.getScreenshotAs(Unknown Source)
	at org.openqa.selenium.support.events.EventFiringWebDriver.getScreenshotAs(EventFiringWebDriver.java:302)
	at com.cps.qa.util.TestUtil.takeScreenshotAtEndOfTest(TestUtil.java:63)
	at com.cps.qa.util.WebEventListener.onException(WebEventListener.java:68)
	at jdk.internal.reflect.GeneratedMethodAccessor2.invoke(Unknown Source)
	at java.base/jdk.internal.reflect.DelegatingMethodAccessorImpl.invoke(DelegatingMethodAccessorImpl.java:43)
	at java.base/java.lang.reflect.Method.invoke(Method.java:568)
	at org.openqa.selenium.support.events.EventFiringWebDriver.lambda$new$0(EventFiringWebDriver.java:84)
	at jdk.proxy2/jdk.proxy2.$Proxy10.onException(Unknown Source)
	at org.openqa.selenium.support.events.EventFiringWebDriver.lambda$new$1(EventFiringWebDriver.java:107)
	at jdk.proxy2/jdk.proxy2.$Proxy11.getScreenshotAs(Unknown Source)
	at org.openqa.selenium.support.events.EventFiringWebDriver.getScreenshotAs(EventFiringWebDriver.java:302)
	at com.cps.qa.util.TestUtil.takeScreenshotAtEndOfTest(TestUtil.java:63)
	at com.cps.qa.util.WebEventListener.onException(WebEventListener.java:68)
	at jdk.internal.reflect.GeneratedMethodAccessor2.invoke(Unknown Source)
	at java.base/jdk.internal.reflect.DelegatingMethodAccessorImpl.invoke(DelegatingMethodAccessorImpl.java:43)
	at java.base/java.lang.reflect.Method.invoke(Method.java:568)
	at org.openqa.selenium.support.events.EventFiringWebDriver.lambda$new$0(EventFiringWebDriver.java:84)
	at jdk.proxy2/jdk.proxy2.$Proxy10.onException(Unknown Source)
	at org.openqa.selenium.support.events.EventFiringWebDriver.lambda$new$1(EventFiringWebDriver.java:107)
	at jdk.proxy2/jdk.proxy2.$Proxy11.getScreenshotAs(Unknown Source)
	at org.openqa.selenium.support.events.EventFiringWebDriver.getScreenshotAs(EventFiringWebDriver.java:302)
	at com.cps.qa.util.TestUtil.takeScreenshotAtEndOfTest(TestUtil.java:63)
	at com.cps.qa.util.WebEventListener.onException(WebEventListener.java:68)
	at jdk.internal.reflect.GeneratedMethodAccessor2.invoke(Unknown Source)
	at java.base/jdk.internal.reflect.DelegatingMethodAccessorImpl.invoke(DelegatingMethodAccessorImpl.java:43)
	at java.base/java.lang.reflect.Method.invoke(Method.java:568)
	at org.openqa.selenium.support.events.EventFiringWebDriver.lambda$new$0(EventFiringWebDriver.java:84)
	at jdk.proxy2/jdk.proxy2.$Proxy10.onException(Unknown Source)
	at org.openqa.selenium.support.events.EventFiringWebDriver.lambda$new$1(EventFiringWebDriver.java:107)
	at jdk.proxy2/jdk.proxy2.$Proxy11.getScreenshotAs(Unknown Source)
	at org.openqa.selenium.support.events.EventFiringWebDriver.getScreenshotAs(EventFiringWebDriver.java:302)
	at com.cps.qa.util.TestUtil.takeScreenshotAtEndOfTest(TestUtil.java:63)
	at com.cps.qa.util.WebEventListener.onException(WebEventListener.java:68)
	at jdk.internal.reflect.GeneratedMethodAccessor2.invoke(Unknown Source)
	at java.base/jdk.internal.reflect.DelegatingMethodAccessorImpl.invoke(DelegatingMethodAccessorImpl.java:43)
	at java.base/java.lang.reflect.Method.invoke(Method.java:568)
	at org.openqa.selenium.support.events.EventFiringWebDriver.lambda$new$0(EventFiringWebDriver.java:84)
	at jdk.proxy2/jdk.proxy2.$Proxy10.onException(Unknown Source)
	at org.openqa.selenium.support.events.EventFiringWebDriver.lambda$new$1(EventFiringWebDriver.java:107)
	at jdk.proxy2/jdk.proxy2.$Proxy11.getScreenshotAs(Unknown Source)
	at org.openqa.selenium.support.events.EventFiringWebDriver.getScreenshotAs(EventFiringWebDriver.java:302)
	at com.cps.qa.util.TestUtil.takeScreenshotAtEndOfTest(TestUtil.java:63)
	at com.cps.qa.util.WebEventListener.onException(WebEventListener.java:68)
	at jdk.internal.reflect.GeneratedMethodAccessor2.invoke(Unknown Source)
	at java.base/jdk.internal.reflect.DelegatingMethodAccessorImpl.invoke(DelegatingMethodAccessorImpl.java:43)
	at java.base/java.lang.reflect.Method.invoke(Method.java:568)
	at org.openqa.selenium.support.events.EventFiringWebDriver.lambda$new$0(EventFiringWebDriver.java:84)
	at jdk.proxy2/jdk.proxy2.$Proxy10.onException(Unknown Source)
	at org.openqa.selenium.support.events.EventFiringWebDriver.lambda$new$1(EventFiringWebDriver.java:107)
	at jdk.proxy2/jdk.proxy2.$Proxy11.getScreenshotAs(Unknown Source)
	at org.openqa.selenium.support.events.EventFiringWebDriver.getScreenshotAs(EventFiringWebDriver.java:302)
	at com.cps.qa.util.TestUtil.takeScreenshotAtEndOfTest(TestUtil.java:63)
	at com.cps.qa.util.WebEventListener.onException(WebEventListener.java:68)
	at jdk.internal.reflect.GeneratedMethodAccessor2.invoke(Unknown Source)
	at java.base/jdk.internal.reflect.DelegatingMethodAccessorImpl.invoke(DelegatingMethodAccessorImpl.java:43)
	at java.base/java.lang.reflect.Method.invoke(Method.java:568)
	at org.openqa.selenium.support.events.EventFiringWebDriver.lambda$new$0(EventFiringWebDriver.java:84)
	at jdk.proxy2/jdk.proxy2.$Proxy10.onException(Unknown Source)
	at org.openqa.selenium.support.events.EventFiringWebDriver.lambda$new$1(EventFiringWebDriver.java:107)
	at jdk.proxy2/jdk.proxy2.$Proxy11.getScreenshotAs(Unknown Source)
	at org.openqa.selenium.support.events.EventFiringWebDriver.getScreenshotAs(EventFiringWebDriver.java:302)
	at com.cps.qa.util.TestUtil.takeScreenshotAtEndOfTest(TestUtil.java:63)
	at com.cps.qa.util.WebEventListener.onException(WebEventListener.java:68)
	at jdk.internal.reflect.GeneratedMethodAccessor2.invoke(Unknown Source)
	at java.base/jdk.internal.reflect.DelegatingMethodAccessorImpl.invoke(DelegatingMethodAccessorImpl.java:43)
	at java.base/java.lang.reflect.Method.invoke(Method.java:568)
	at org.openqa.selenium.support.events.EventFiringWebDriver.lambda$new$0(EventFiringWebDriver.java:84)
	at jdk.proxy2/jdk.proxy2.$Proxy10.onException(Unknown Source)
	at org.openqa.selenium.support.events.EventFiringWebDriver.lambda$new$1(EventFiringWebDriver.java:107)
	at jdk.proxy2/jdk.proxy2.$Proxy11.getScreenshotAs(Unknown Source)
	at org.openqa.selenium.support.events.EventFiringWebDriver.getScreenshotAs(EventFiringWebDriver.java:302)
	at com.cps.qa.util.TestUtil.takeScreenshotAtEndOfTest(TestUtil.java:63)
	at com.cps.qa.util.WebEventListener.onException(WebEventListener.java:68)
	at jdk.internal.reflect.GeneratedMethodAccessor2.invoke(Unknown Source)
	at java.base/jdk.internal.reflect.DelegatingMethodAccessorImpl.invoke(DelegatingMethodAccessorImpl.java:43)
	at java.base/java.lang.reflect.Method.invoke(Method.java:568)
	at org.openqa.selenium.support.events.EventFiringWebDriver.lambda$new$0(EventFiringWebDriver.java:84)
	at jdk.proxy2/jdk.proxy2.$Proxy10.onException(Unknown Source)
	at org.openqa.selenium.support.events.EventFiringWebDriver.lambda$new$1(EventFiringWebDriver.java:107)
	at jdk.proxy2/jdk.proxy2.$Proxy11.getScreenshotAs(Unknown Source)
	at org.openqa.selenium.support.events.EventFiringWebDriver.getScreenshotAs(EventFiringWebDriver.java:302)
	at com.cps.qa.util.TestUtil.takeScreenshotAtEndOfTest(TestUtil.java:63)
	at com.cps.qa.util.WebEventListener.onException(WebEventListener.java:68)
	at jdk.internal.reflect.GeneratedMethodAccessor2.invoke(Unknown Source)
	at java.base/jdk.internal.reflect.DelegatingMethodAccessorImpl.invoke(DelegatingMethodAccessorImpl.java:43)
	at java.base/java.lang.reflect.Method.invoke(Method.java:568)
	at org.openqa.selenium.support.events.EventFiringWebDriver.lambda$new$0(EventFiringWebDriver.java:84)
	at jdk.proxy2/jdk.proxy2.$Proxy10.onException(Unknown Source)
	at org.openqa.selenium.support.events.EventFiringWebDriver.lambda$new$1(EventFiringWebDriver.java:107)
	at jdk.proxy2/jdk.proxy2.$Proxy11.getScreenshotAs(Unknown Source)
	at org.openqa.selenium.support.events.EventFiringWebDriver.getScreenshotAs(EventFiringWebDriver.java:302)
	at com.cps.qa.util.TestUtil.takeScreenshotAtEndOfTest(TestUtil.java:63)
	at com.cps.qa.util.WebEventListener.onException(WebEventListener.java:68)
	at jdk.internal.reflect.GeneratedMethodAccessor2.invoke(Unknown Source)
	at java.base/jdk.internal.reflect.DelegatingMethodAccessorImpl.invoke(DelegatingMethodAccessorImpl.java:43)
	at java.base/java.lang.reflect.Method.invoke(Method.java:568)
	at org.openqa.selenium.support.events.EventFiringWebDriver.lambda$new$0(EventFiringWebDriver.java:84)
	at jdk.proxy2/jdk.proxy2.$Proxy10.onException(Unknown Source)
	at org.openqa.selenium.support.events.EventFiringWebDriver.lambda$new$1(EventFiringWebDriver.java:107)
	at jdk.proxy2/jdk.proxy2.$Proxy11.getScreenshotAs(Unknown Source)
	at org.openqa.selenium.support.events.EventFiringWebDriver.getScreenshotAs(EventFiringWebDriver.java:302)
	at com.cps.qa.util.TestUtil.takeScreenshotAtEndOfTest(TestUtil.java:63)
	at com.cps.qa.util.WebEventListener.onException(WebEventListener.java:68)
	at jdk.internal.reflect.GeneratedMethodAccessor2.invoke(Unknown Source)
	at java.base/jdk.internal.reflect.DelegatingMethodAccessorImpl.invoke(DelegatingMethodAccessorImpl.java:43)
	at java.base/java.lang.reflect.Method.invoke(Method.java:568)
	at org.openqa.selenium.support.events.EventFiringWebDriver.lambda$new$0(EventFiringWebDriver.java:84)
	at jdk.proxy2/jdk.proxy2.$Proxy10.onException(Unknown Source)
	at org.openqa.selenium.support.events.EventFiringWebDriver.lambda$new$1(EventFiringWebDriver.java:107)
	at jdk.proxy2/jdk.proxy2.$Proxy11.getScreenshotAs(Unknown Source)
	at org.openqa.selenium.support.events.EventFiringWebDriver.getScreenshotAs(EventFiringWebDriver.java:302)
	at com.cps.qa.util.TestUtil.takeScreenshotAtEndOfTest(TestUtil.java:63)
	at com.cps.qa.util.WebEventListener.onException(WebEventListener.java:68)
	at jdk.internal.reflect.GeneratedMethodAccessor2.invoke(Unknown Source)
	at java.base/jdk.internal.reflect.DelegatingMethodAccessorImpl.invoke(DelegatingMethodAccessorImpl.java:43)
	at java.base/java.lang.reflect.Method.invoke(Method.java:568)
	at org.openqa.selenium.support.events.EventFiringWebDriver.lambda$new$0(EventFiringWebDriver.java:84)
	at jdk.proxy2/jdk.proxy2.$Proxy10.onException(Unknown Source)
	at org.openqa.selenium.support.events.EventFiringWebDriver.lambda$new$1(EventFiringWebDriver.java:107)
	at jdk.proxy2/jdk.proxy2.$Proxy11.getScreenshotAs(Unknown Source)
	at org.openqa.selenium.support.events.EventFiringWebDriver.getScreenshotAs(EventFiringWebDriver.java:302)
	at com.cps.qa.util.TestUtil.takeScreenshotAtEndOfTest(TestUtil.java:63)
	at com.cps.qa.util.WebEventListener.onException(WebEventListener.java:68)
	at jdk.internal.reflect.GeneratedMethodAccessor2.invoke(Unknown Source)
]]>
    </error>
  </testcase> <!-- customerlogin -->
</testsuite> <!-- com.cps.qa.testCases.CustomerLogin_Test -->
