<?xml version="1.0" encoding="UTF-8"?>
<!-- Generated by org.testng.reporters.JUnitReportReporter -->
<testsuite hostname="KARNA" failures="0" tests="2" name="com.cps.qa.testCases.CustomerTransactionPage_Test" time="11.282" errors="0" timestamp="07 Mar 2024 07:16:40 GMT" skipped="0">
  <testcase classname="com.cps.qa.testCases.CustomerTransactionPage_Test" name="loginPageTitleTest" time="5.064"/>
  <testcase classname="com.cps.qa.testCases.CustomerTransactionPage_Test" name="Verify_Deposit_With_ValideAmmount" time="6.218"/>
</testsuite> <!-- com.cps.qa.testCases.CustomerTransactionPage_Test -->
