<?xml version="1.0" encoding="UTF-8"?>
<!-- Generated by org.testng.reporters.JUnitReportReporter -->
<testsuite hostname="KARNA" failures="0" tests="1" name="com.cps.qa.testCases.CustomerTransactionPage_Test" time="9.337" errors="0" timestamp="07 Mar 2024 11:57:06 GMT" skipped="0">
  <testcase classname="com.cps.qa.testCases.CustomerTransactionPage_Test" name="Verify_Deposit_With_ValideAmmount" time="9.337"/>
</testsuite> <!-- com.cps.qa.testCases.CustomerTransactionPage_Test -->
