<?xml version="1.0" encoding="UTF-8"?>
<!-- Generated by org.testng.reporters.JUnitReportReporter -->
<testsuite hostname="KARNA" failures="0" tests="3" name="com.cps.qa.testCases.AccountPage_Test" time="20.625" errors="0" timestamp="06 Mar 2024 18:47:03 GMT" skipped="0">
  <testcase classname="com.cps.qa.testCases.AccountPage_Test" name="verifyBalance" time="6.343"/>
  <testcase classname="com.cps.qa.testCases.AccountPage_Test" name="acnumber" time="5.875"/>
  <testcase classname="com.cps.qa.testCases.AccountPage_Test" name="Deposit" time="8.407"/>
</testsuite> <!-- com.cps.qa.testCases.AccountPage_Test -->
