<?xml version="1.0" encoding="UTF-8"?>
<!-- Generated by org.testng.reporters.JUnitReportReporter -->
<testsuite hostname="KARNA" failures="0" tests="1" name="com.cps.qa.testCases.OpenAccountPage_Test" time="20.728" errors="0" timestamp="07 Mar 2024 11:33:26 GMT" skipped="0">
  <testcase classname="com.cps.qa.testCases.OpenAccountPage_Test" name="OpenAccount" time="20.728"/>
</testsuite> <!-- com.cps.qa.testCases.OpenAccountPage_Test -->
