<?xml version="1.0" encoding="UTF-8"?>
<!-- Generated by org.testng.reporters.JUnitReportReporter -->
<testsuite hostname="KARNA" failures="0" tests="7" name="com.cps.qa.testCases.AccountPage_Test" time="72.856" errors="0" timestamp="07 Mar 2024 06:35:09 GMT" skipped="0">
  <testcase classname="com.cps.qa.testCases.AccountPage_Test" name="loginPageTitleTest" time="4.632"/>
  <testcase classname="com.cps.qa.testCases.AccountPage_Test" name="verifyBalance" time="4.720"/>
  <testcase classname="com.cps.qa.testCases.AccountPage_Test" name="Verify_Deposit_With_ValideAmmount" time="7.031"/>
  <testcase classname="com.cps.qa.testCases.AccountPage_Test" name="Verify_Deposit_With_InValideAmmount" time="7.469"/>
  <testcase classname="com.cps.qa.testCases.AccountPage_Test" name="Verify_Withdraw_With_ValideAmmount" time="16.723"/>
  <testcase classname="com.cps.qa.testCases.AccountPage_Test" name="Verify_Withdraw_With_InValideAmmount" time="15.374"/>
  <testcase classname="com.cps.qa.testCases.AccountPage_Test" name="Verify_Withdraw_With_InSufficient" time="16.907"/>
</testsuite> <!-- com.cps.qa.testCases.AccountPage_Test -->
