<?xml version="1.0" encoding="UTF-8"?>
<!-- Generated by org.testng.reporters.JUnitReportReporter -->
<testsuite hostname="KARNA" failures="0" tests="1" name="com.cps.qa.testCases.CustomerLogin_Test" time="5.972" errors="0" timestamp="07 Mar 2024 10:21:37 GMT" skipped="0">
  <testcase classname="com.cps.qa.testCases.CustomerLogin_Test" name="customerlogin" time="5.972"/>
</testsuite> <!-- com.cps.qa.testCases.CustomerLogin_Test -->
