<?xml version="1.0" encoding="UTF-8"?>
<!-- Generated by org.testng.reporters.JUnitReportReporter -->
<testsuite hostname="KARNA" failures="0" tests="2" name="com.cps.qa.testCases.CustomerLogin_Test" time="8.045" errors="0" timestamp="06 Mar 2024 10:57:50 GMT" skipped="0">
  <testcase classname="com.cps.qa.testCases.CustomerLogin_Test" name="loginPageTitleTest" time="3.319"/>
  <testcase classname="com.cps.qa.testCases.CustomerLogin_Test" name="customerlogin" time="4.726"/>
</testsuite> <!-- com.cps.qa.testCases.CustomerLogin_Test -->
