<?xml version="1.0" encoding="UTF-8"?>
<!-- Generated by org.testng.reporters.JUnitReportReporter -->
<testsuite hostname="KARNA" failures="0" tests="1" name="com.cps.qa.testCases.CustomerTransactionPage_Test" time="8.689" errors="0" timestamp="07 Mar 2024 10:21:37 GMT" skipped="0">
  <testcase classname="com.cps.qa.testCases.CustomerTransactionPage_Test" name="Verify_Deposit_With_ValideAmmount" time="8.689"/>
</testsuite> <!-- com.cps.qa.testCases.CustomerTransactionPage_Test -->
