<?xml version="1.0" encoding="UTF-8"?>
<!-- Generated by org.testng.reporters.JUnitReportReporter -->
<testsuite hostname="KARNA" failures="0" tests="2" name="com.cps.qa.testCases.AddCustomerPage_Test" time="14.824" errors="0" timestamp="08 Mar 2024 06:19:37 GMT" skipped="0">
  <testcase classname="com.cps.qa.testCases.AddCustomerPage_Test" name="AddCustomer_NotExist" time="6.369"/>
  <testcase classname="com.cps.qa.testCases.AddCustomerPage_Test" name="AddCustomer_Exist" time="8.455"/>
</testsuite> <!-- com.cps.qa.testCases.AddCustomerPage_Test -->
