<?xml version="1.0" encoding="UTF-8"?>
<!-- Generated by org.testng.reporters.JUnitReportReporter -->
<testsuite hostname="KARNA" failures="0" tests="2" name="com.cps.qa.testCases.AddCustomerPage_Test" time="20.481" errors="0" timestamp="07 Mar 2024 11:33:26 GMT" skipped="0">
  <testcase classname="com.cps.qa.testCases.AddCustomerPage_Test" name="AddCustomer_NotExist" time="8.978"/>
  <testcase classname="com.cps.qa.testCases.AddCustomerPage_Test" name="AddCustomer_Exist" time="11.503"/>
</testsuite> <!-- com.cps.qa.testCases.AddCustomerPage_Test -->
